2019-11-24 05:13:50,180 [      0]   INFO - etbrains.jps.cmdline.BuildMain - ==================================================
2019-11-24 05:13:50,181 [      1]   INFO - etbrains.jps.cmdline.BuildMain - Build process started. Classpath: C:/Users/h80054936/.gradle/caches/modules-2/files-2.1/com.jetbrains.intellij.idea/ideaIC/2019.2.4/a2eb13f21bdc018b64b31208823a57771b47273/ideaIC-2019.2.4/plugins/java/lib/jps-launcher.jar
2019-11-24 05:13:51,185 [   1005]   INFO - etbrains.jps.cmdline.BuildMain - Connection to IDE established in 914 ms
2019-11-24 05:13:51,522 [   1342]   INFO - jps.cmdline.JpsModelLoaderImpl - Loading model: project path = C:/Users/h80054936/IdeaProjects/untitled2, global options path = C:/Users/h80054936/Documents/intellibuddy/build/idea-sandbox/config/options
2019-11-24 05:13:52,039 [   1859]   INFO - jps.cmdline.JpsModelLoaderImpl - Model loaded in 517 ms
2019-11-24 05:13:52,039 [   1859]   INFO - jps.cmdline.JpsModelLoaderImpl - Project has 1 modules, 0 libraries
2019-11-24 05:13:52,245 [   2065]   INFO - ellij.util.io.PagedFileStorage - lower=100; upper=500; buffer=10; max=680
2019-11-24 05:13:52,610 [   2430]   INFO - .incremental.IncProjectBuilder - Building project; isRebuild:true; isMake:false parallel compilation:false
2019-11-24 05:13:52,623 [   2443]   INFO - kotlin.jps.build.KotlinBuilder - is Kotlin incremental compilation enabled for JVM: true
2019-11-24 05:13:52,623 [   2443]   INFO - kotlin.jps.build.KotlinBuilder - is Kotlin incremental compilation enabled for JS: true
2019-11-24 05:13:52,631 [   2451]   INFO - kotlin.jps.build.KotlinBuilder - is Kotlin compiler daemon enabled: true
2019-11-24 05:13:52,631 [   2451]   INFO - kotlin.jps.build.KotlinBuilder - Label in local history: build started 593d6674
2019-11-24 05:13:52,645 [   2465]   INFO - s.index.CompilerReferenceIndex - backward reference index version doesn't exist
2019-11-24 05:13:52,852 [   2672]   INFO - .incremental.IncProjectBuilder - Cleaned output directories in 16 ms
2019-11-24 05:13:54,415 [   4235]   INFO - kotlin.jps.build.KotlinBuilder - KotlinTargetsIndex created in 1284 ms
2019-11-24 05:13:54,433 [   4253]   INFO - kotlin.jps.build.KotlinBuilder - Total Kotlin global compile context initialization time: 1306 ms
2019-11-24 05:13:54,478 [   4298]   INFO - s.incremental.java.JavaBuilder - Compiling 1 java files; module: untitled2
2019-11-24 05:13:56,104 [   5924]   INFO - rains.jps.cmdline.BuildSession - Build duration: Builder 'Java' took 1 s 408 ms; 1 sources processed (1408 ms per file)
2019-11-24 05:13:56,107 [   5927]   INFO - s.incremental.java.JavaBuilder - javac 11.0.4 was used to compile [untitled2]
2019-11-24 05:13:59,618 [      0]   INFO - etbrains.jps.cmdline.BuildMain - ==================================================
2019-11-24 05:13:59,619 [      1]   INFO - etbrains.jps.cmdline.BuildMain - Build process started. Classpath: C:/Users/h80054936/.gradle/caches/modules-2/files-2.1/com.jetbrains.intellij.idea/ideaIC/2019.2.4/a2eb13f21bdc018b64b31208823a57771b47273/ideaIC-2019.2.4/plugins/java/lib/jps-launcher.jar
2019-11-24 05:14:00,914 [   1296]   INFO - etbrains.jps.cmdline.BuildMain - Connection to IDE established in 1140 ms
2019-11-24 05:14:00,952 [   1334]   INFO - penapi.util.io.win32.IdeaWin32 - Native filesystem for Windows is operational
2019-11-24 05:14:01,020 [   1402]   INFO - jps.cmdline.JpsModelLoaderImpl - Loading model: project path = C:/Users/h80054936/IdeaProjects/untitled2, global options path = C:/Users/h80054936/Documents/intellibuddy/build/idea-sandbox/config/options
2019-11-24 05:14:01,503 [   1885]   INFO - jps.cmdline.JpsModelLoaderImpl - Model loaded in 483 ms
2019-11-24 05:14:01,503 [   1885]   INFO - jps.cmdline.JpsModelLoaderImpl - Project has 1 modules, 0 libraries
2019-11-24 05:14:01,716 [   2098]   INFO - ellij.util.io.PagedFileStorage - lower=100; upper=500; buffer=10; max=680
2019-11-24 05:14:02,605 [   2987]   INFO - etbrains.jps.cmdline.BuildMain - Pre-loaded process ready in 2990 ms
2019-11-24 05:14:02,718 [   3100]   INFO - etbrains.jps.cmdline.BuildMain - Build canceled, but no build session is running. Exiting.
2019-11-24 05:38:36,927 [      1]   INFO - etbrains.jps.cmdline.BuildMain - ==================================================
2019-11-24 05:38:36,929 [      3]   INFO - etbrains.jps.cmdline.BuildMain - Build process started. Classpath: C:/Users/h80054936/.gradle/caches/modules-2/files-2.1/com.jetbrains.intellij.idea/ideaIC/2019.2.4/a2eb13f21bdc018b64b31208823a57771b47273/ideaIC-2019.2.4/plugins/java/lib/jps-launcher.jar
2019-11-24 05:38:39,157 [   2231]   INFO - etbrains.jps.cmdline.BuildMain - Connection to IDE established in 1952 ms
2019-11-24 05:38:39,548 [   2622]   INFO - jps.cmdline.JpsModelLoaderImpl - Loading model: project path = C:/Users/h80054936/IdeaProjects/untitled2, global options path = C:/Users/h80054936/Documents/intellibuddy/build/idea-sandbox/config/options
2019-11-24 05:38:39,988 [   3062]   INFO - jps.cmdline.JpsModelLoaderImpl - Model loaded in 440 ms
2019-11-24 05:38:39,989 [   3063]   INFO - jps.cmdline.JpsModelLoaderImpl - Project has 1 modules, 0 libraries
2019-11-24 05:38:40,160 [   3234]   INFO - ellij.util.io.PagedFileStorage - lower=100; upper=500; buffer=10; max=680
2019-11-24 05:38:43,537 [      0]   INFO - etbrains.jps.cmdline.BuildMain - ==================================================
2019-11-24 05:38:43,561 [     24]   INFO - etbrains.jps.cmdline.BuildMain - Build process started. Classpath: C:/Users/h80054936/.gradle/caches/modules-2/files-2.1/com.jetbrains.intellij.idea/ideaIC/2019.2.4/a2eb13f21bdc018b64b31208823a57771b47273/ideaIC-2019.2.4/plugins/java/lib/jps-launcher.jar
2019-11-24 05:38:45,690 [   2153]   INFO - etbrains.jps.cmdline.BuildMain - Connection to IDE established in 1730 ms
2019-11-24 05:38:45,712 [   2175]   INFO - penapi.util.io.win32.IdeaWin32 - Native filesystem for Windows is operational
2019-11-24 05:38:45,770 [   2233]   INFO - jps.cmdline.JpsModelLoaderImpl - Loading model: project path = C:/Users/h80054936/IdeaProjects/untitled2, global options path = C:/Users/h80054936/Documents/intellibuddy/build/idea-sandbox/config/options
2019-11-24 05:38:46,074 [   2537]   INFO - jps.cmdline.JpsModelLoaderImpl - Model loaded in 304 ms
2019-11-24 05:38:46,074 [   2537]   INFO - jps.cmdline.JpsModelLoaderImpl - Project has 1 modules, 0 libraries
2019-11-24 05:38:46,200 [   2663]   INFO - ellij.util.io.PagedFileStorage - lower=100; upper=500; buffer=10; max=680
2019-11-24 05:38:46,391 [   2854]   INFO - etbrains.jps.cmdline.BuildMain - Pre-loaded process ready in 2859 ms
2019-11-24 05:38:48,946 [   5409]   INFO - rains.jps.cmdline.BuildSession - No changes found since last build. Exiting.
2019-11-24 05:38:50,151 [      0]   INFO - etbrains.jps.cmdline.BuildMain - ==================================================
2019-11-24 05:38:50,152 [      1]   INFO - etbrains.jps.cmdline.BuildMain - Build process started. Classpath: C:/Users/h80054936/.gradle/caches/modules-2/files-2.1/com.jetbrains.intellij.idea/ideaIC/2019.2.4/a2eb13f21bdc018b64b31208823a57771b47273/ideaIC-2019.2.4/plugins/java/lib/jps-launcher.jar
2019-11-24 05:38:50,602 [    451]   INFO - etbrains.jps.cmdline.BuildMain - Connection to IDE established in 402 ms
2019-11-24 05:38:50,617 [    466]   INFO - penapi.util.io.win32.IdeaWin32 - Native filesystem for Windows is operational
2019-11-24 05:38:50,649 [    498]   INFO - jps.cmdline.JpsModelLoaderImpl - Loading model: project path = C:/Users/h80054936/IdeaProjects/untitled2, global options path = C:/Users/h80054936/Documents/intellibuddy/build/idea-sandbox/config/options
2019-11-24 05:38:50,858 [    707]   INFO - jps.cmdline.JpsModelLoaderImpl - Model loaded in 209 ms
2019-11-24 05:38:50,858 [    707]   INFO - jps.cmdline.JpsModelLoaderImpl - Project has 1 modules, 0 libraries
2019-11-24 05:38:50,934 [    783]   INFO - ellij.util.io.PagedFileStorage - lower=100; upper=500; buffer=10; max=680
2019-11-24 05:38:51,079 [    928]   INFO - etbrains.jps.cmdline.BuildMain - Pre-loaded process ready in 929 ms
2019-11-24 06:03:35,838 [1485687]   INFO - etbrains.jps.cmdline.BuildMain - Build canceled, but no build session is running. Exiting.
2019-11-24 06:04:04,380 [      0]   INFO - etbrains.jps.cmdline.BuildMain - ==================================================
2019-11-24 06:04:04,381 [      1]   INFO - etbrains.jps.cmdline.BuildMain - Build process started. Classpath: C:/Users/h80054936/.gradle/caches/modules-2/files-2.1/com.jetbrains.intellij.idea/ideaIC/2019.2.4/a2eb13f21bdc018b64b31208823a57771b47273/ideaIC-2019.2.4/plugins/java/lib/jps-launcher.jar
2019-11-24 06:04:06,790 [   2410]   INFO - etbrains.jps.cmdline.BuildMain - Connection to IDE established in 2082 ms
2019-11-24 06:04:07,382 [   3002]   INFO - jps.cmdline.JpsModelLoaderImpl - Loading model: project path = C:/Users/h80054936/IdeaProjects/untitled2, global options path = C:/Users/h80054936/Documents/intellibuddy/build/idea-sandbox/config/options
2019-11-24 06:04:07,999 [   3619]   INFO - jps.cmdline.JpsModelLoaderImpl - Model loaded in 617 ms
2019-11-24 06:04:07,999 [   3619]   INFO - jps.cmdline.JpsModelLoaderImpl - Project has 1 modules, 0 libraries
2019-11-24 06:04:08,291 [   3911]   INFO - ellij.util.io.PagedFileStorage - lower=100; upper=500; buffer=10; max=680
2019-11-24 06:04:13,049 [      0]   INFO - etbrains.jps.cmdline.BuildMain - ==================================================
2019-11-24 06:04:13,050 [      1]   INFO - etbrains.jps.cmdline.BuildMain - Build process started. Classpath: C:/Users/h80054936/.gradle/caches/modules-2/files-2.1/com.jetbrains.intellij.idea/ideaIC/2019.2.4/a2eb13f21bdc018b64b31208823a57771b47273/ideaIC-2019.2.4/plugins/java/lib/jps-launcher.jar
2019-11-24 06:04:14,618 [   1569]   INFO - etbrains.jps.cmdline.BuildMain - Connection to IDE established in 1365 ms
2019-11-24 06:04:14,652 [   1603]   INFO - penapi.util.io.win32.IdeaWin32 - Native filesystem for Windows is operational
2019-11-24 06:04:14,741 [   1692]   INFO - jps.cmdline.JpsModelLoaderImpl - Loading model: project path = C:/Users/h80054936/IdeaProjects/untitled2, global options path = C:/Users/h80054936/Documents/intellibuddy/build/idea-sandbox/config/options
2019-11-24 06:04:15,038 [   1989]   INFO - jps.cmdline.JpsModelLoaderImpl - Model loaded in 297 ms
2019-11-24 06:04:15,038 [   1989]   INFO - jps.cmdline.JpsModelLoaderImpl - Project has 1 modules, 0 libraries
2019-11-24 06:04:15,122 [   2073]   INFO - ellij.util.io.PagedFileStorage - lower=100; upper=500; buffer=10; max=680
2019-11-24 06:04:15,305 [   2256]   INFO - etbrains.jps.cmdline.BuildMain - Pre-loaded process ready in 2258 ms
2019-11-24 06:04:32,627 [  19578]   INFO - etbrains.jps.cmdline.BuildMain - Build canceled, but no build session is running. Exiting.
2019-11-24 06:06:19,874 [      0]   INFO - etbrains.jps.cmdline.BuildMain - ==================================================
2019-11-24 06:06:19,875 [      1]   INFO - etbrains.jps.cmdline.BuildMain - Build process started. Classpath: C:/Users/h80054936/.gradle/caches/modules-2/files-2.1/com.jetbrains.intellij.idea/ideaIC/2019.2.4/a2eb13f21bdc018b64b31208823a57771b47273/ideaIC-2019.2.4/plugins/java/lib/jps-launcher.jar
2019-11-24 06:06:22,471 [   2597]   INFO - etbrains.jps.cmdline.BuildMain - Connection to IDE established in 2474 ms
2019-11-24 06:06:22,944 [   3070]   INFO - jps.cmdline.JpsModelLoaderImpl - Loading model: project path = C:/Users/h80054936/IdeaProjects/untitled2, global options path = C:/Users/h80054936/Documents/intellibuddy/build/idea-sandbox/config/options
2019-11-24 06:06:23,470 [   3596]   INFO - jps.cmdline.JpsModelLoaderImpl - Model loaded in 526 ms
2019-11-24 06:06:23,470 [   3596]   INFO - jps.cmdline.JpsModelLoaderImpl - Project has 1 modules, 0 libraries
2019-11-24 06:06:23,597 [   3723]   INFO - ellij.util.io.PagedFileStorage - lower=100; upper=500; buffer=10; max=680
2019-11-24 06:06:25,961 [      0]   INFO - etbrains.jps.cmdline.BuildMain - ==================================================
2019-11-24 06:06:25,999 [     38]   INFO - etbrains.jps.cmdline.BuildMain - Build process started. Classpath: C:/Users/h80054936/.gradle/caches/modules-2/files-2.1/com.jetbrains.intellij.idea/ideaIC/2019.2.4/a2eb13f21bdc018b64b31208823a57771b47273/ideaIC-2019.2.4/plugins/java/lib/jps-launcher.jar
2019-11-24 06:06:28,059 [   2098]   INFO - etbrains.jps.cmdline.BuildMain - Connection to IDE established in 1788 ms
2019-11-24 06:06:28,096 [   2135]   INFO - penapi.util.io.win32.IdeaWin32 - Native filesystem for Windows is operational
2019-11-24 06:06:28,259 [   2298]   INFO - jps.cmdline.JpsModelLoaderImpl - Loading model: project path = C:/Users/h80054936/IdeaProjects/untitled2, global options path = C:/Users/h80054936/Documents/intellibuddy/build/idea-sandbox/config/options
2019-11-24 06:06:29,111 [   3150]   INFO - jps.cmdline.JpsModelLoaderImpl - Model loaded in 852 ms
2019-11-24 06:06:29,111 [   3150]   INFO - jps.cmdline.JpsModelLoaderImpl - Project has 1 modules, 0 libraries
2019-11-24 06:06:29,237 [   3276]   INFO - ellij.util.io.PagedFileStorage - lower=100; upper=500; buffer=10; max=680
2019-11-24 06:06:29,398 [   3437]   INFO - etbrains.jps.cmdline.BuildMain - Pre-loaded process ready in 3442 ms
2019-11-24 06:18:29,811 [ 723850]   INFO - etbrains.jps.cmdline.BuildMain - Build canceled, but no build session is running. Exiting.
2019-11-24 06:19:11,543 [      0]   INFO - etbrains.jps.cmdline.BuildMain - ==================================================
2019-11-24 06:19:11,551 [      8]   INFO - etbrains.jps.cmdline.BuildMain - Build process started. Classpath: C:/Users/h80054936/.gradle/caches/modules-2/files-2.1/com.jetbrains.intellij.idea/ideaIC/2019.2.4/a2eb13f21bdc018b64b31208823a57771b47273/ideaIC-2019.2.4/plugins/java/lib/jps-launcher.jar
2019-11-24 06:19:13,583 [   2040]   INFO - etbrains.jps.cmdline.BuildMain - Connection to IDE established in 1711 ms
2019-11-24 06:19:13,942 [   2399]   INFO - jps.cmdline.JpsModelLoaderImpl - Loading model: project path = C:/Users/h80054936/IdeaProjects/untitled2, global options path = C:/Users/h80054936/Documents/intellibuddy/build/idea-sandbox/config/options
2019-11-24 06:19:14,291 [   2748]   INFO - jps.cmdline.JpsModelLoaderImpl - Model loaded in 349 ms
2019-11-24 06:19:14,291 [   2748]   INFO - jps.cmdline.JpsModelLoaderImpl - Project has 1 modules, 0 libraries
2019-11-24 06:19:14,466 [   2923]   INFO - ellij.util.io.PagedFileStorage - lower=100; upper=500; buffer=10; max=680
2019-11-24 06:19:18,420 [      0]   INFO - etbrains.jps.cmdline.BuildMain - ==================================================
2019-11-24 06:19:18,421 [      1]   INFO - etbrains.jps.cmdline.BuildMain - Build process started. Classpath: C:/Users/h80054936/.gradle/caches/modules-2/files-2.1/com.jetbrains.intellij.idea/ideaIC/2019.2.4/a2eb13f21bdc018b64b31208823a57771b47273/ideaIC-2019.2.4/plugins/java/lib/jps-launcher.jar
2019-11-24 06:19:19,781 [   1361]   INFO - etbrains.jps.cmdline.BuildMain - Connection to IDE established in 1185 ms
2019-11-24 06:19:19,799 [   1379]   INFO - penapi.util.io.win32.IdeaWin32 - Native filesystem for Windows is operational
2019-11-24 06:19:19,917 [   1497]   INFO - jps.cmdline.JpsModelLoaderImpl - Loading model: project path = C:/Users/h80054936/IdeaProjects/untitled2, global options path = C:/Users/h80054936/Documents/intellibuddy/build/idea-sandbox/config/options
2019-11-24 06:19:20,235 [   1815]   INFO - jps.cmdline.JpsModelLoaderImpl - Model loaded in 318 ms
2019-11-24 06:19:20,235 [   1815]   INFO - jps.cmdline.JpsModelLoaderImpl - Project has 1 modules, 0 libraries
2019-11-24 06:19:20,371 [   1951]   INFO - ellij.util.io.PagedFileStorage - lower=100; upper=500; buffer=10; max=680
2019-11-24 06:19:20,551 [   2131]   INFO - etbrains.jps.cmdline.BuildMain - Pre-loaded process ready in 2135 ms
2019-11-24 06:21:50,831 [ 152411]   INFO - etbrains.jps.cmdline.BuildMain - Build canceled, but no build session is running. Exiting.
2019-11-24 06:22:38,823 [      0]   INFO - etbrains.jps.cmdline.BuildMain - ==================================================
2019-11-24 06:22:38,825 [      2]   INFO - etbrains.jps.cmdline.BuildMain - Build process started. Classpath: C:/Users/h80054936/.gradle/caches/modules-2/files-2.1/com.jetbrains.intellij.idea/ideaIC/2019.2.4/a2eb13f21bdc018b64b31208823a57771b47273/ideaIC-2019.2.4/plugins/java/lib/jps-launcher.jar
2019-11-24 06:22:40,980 [   2157]   INFO - etbrains.jps.cmdline.BuildMain - Connection to IDE established in 1991 ms
2019-11-24 06:22:41,340 [   2517]   INFO - jps.cmdline.JpsModelLoaderImpl - Loading model: project path = C:/Users/h80054936/IdeaProjects/untitled2, global options path = C:/Users/h80054936/Documents/intellibuddy/build/idea-sandbox/config/options
2019-11-24 06:22:41,907 [   3084]   INFO - jps.cmdline.JpsModelLoaderImpl - Model loaded in 567 ms
2019-11-24 06:22:41,907 [   3084]   INFO - jps.cmdline.JpsModelLoaderImpl - Project has 1 modules, 0 libraries
2019-11-24 06:22:42,133 [   3310]   INFO - ellij.util.io.PagedFileStorage - lower=100; upper=500; buffer=10; max=680
2019-11-24 06:22:44,941 [      0]   INFO - etbrains.jps.cmdline.BuildMain - ==================================================
2019-11-24 06:22:44,942 [      1]   INFO - etbrains.jps.cmdline.BuildMain - Build process started. Classpath: C:/Users/h80054936/.gradle/caches/modules-2/files-2.1/com.jetbrains.intellij.idea/ideaIC/2019.2.4/a2eb13f21bdc018b64b31208823a57771b47273/ideaIC-2019.2.4/plugins/java/lib/jps-launcher.jar
2019-11-24 06:22:47,629 [   2688]   INFO - etbrains.jps.cmdline.BuildMain - Connection to IDE established in 2311 ms
2019-11-24 06:22:47,651 [   2710]   INFO - penapi.util.io.win32.IdeaWin32 - Native filesystem for Windows is operational
2019-11-24 06:22:47,695 [   2754]   INFO - jps.cmdline.JpsModelLoaderImpl - Loading model: project path = C:/Users/h80054936/IdeaProjects/untitled2, global options path = C:/Users/h80054936/Documents/intellibuddy/build/idea-sandbox/config/options
2019-11-24 06:22:47,950 [   3009]   INFO - jps.cmdline.JpsModelLoaderImpl - Model loaded in 255 ms
2019-11-24 06:22:47,951 [   3010]   INFO - jps.cmdline.JpsModelLoaderImpl - Project has 1 modules, 0 libraries
2019-11-24 06:22:48,041 [   3100]   INFO - ellij.util.io.PagedFileStorage - lower=100; upper=500; buffer=10; max=680
2019-11-24 06:22:48,176 [   3235]   INFO - etbrains.jps.cmdline.BuildMain - Pre-loaded process ready in 3240 ms
2019-11-24 06:24:44,542 [ 119601]   INFO - etbrains.jps.cmdline.BuildMain - Build canceled, but no build session is running. Exiting.
2019-11-24 06:25:08,227 [      0]   INFO - etbrains.jps.cmdline.BuildMain - ==================================================
2019-11-24 06:25:08,228 [      1]   INFO - etbrains.jps.cmdline.BuildMain - Build process started. Classpath: C:/Users/h80054936/.gradle/caches/modules-2/files-2.1/com.jetbrains.intellij.idea/ideaIC/2019.2.4/a2eb13f21bdc018b64b31208823a57771b47273/ideaIC-2019.2.4/plugins/java/lib/jps-launcher.jar
2019-11-24 06:25:09,770 [   1543]   INFO - etbrains.jps.cmdline.BuildMain - Connection to IDE established in 1347 ms
2019-11-24 06:25:10,138 [   1911]   INFO - jps.cmdline.JpsModelLoaderImpl - Loading model: project path = C:/Users/h80054936/IdeaProjects/untitled2, global options path = C:/Users/h80054936/Documents/intellibuddy/build/idea-sandbox/config/options
2019-11-24 06:25:10,768 [   2541]   INFO - jps.cmdline.JpsModelLoaderImpl - Model loaded in 630 ms
2019-11-24 06:25:10,768 [   2541]   INFO - jps.cmdline.JpsModelLoaderImpl - Project has 1 modules, 0 libraries
2019-11-24 06:25:11,009 [   2782]   INFO - ellij.util.io.PagedFileStorage - lower=100; upper=500; buffer=10; max=680
2019-11-24 06:25:13,859 [      0]   INFO - etbrains.jps.cmdline.BuildMain - ==================================================
2019-11-24 06:25:13,860 [      1]   INFO - etbrains.jps.cmdline.BuildMain - Build process started. Classpath: C:/Users/h80054936/.gradle/caches/modules-2/files-2.1/com.jetbrains.intellij.idea/ideaIC/2019.2.4/a2eb13f21bdc018b64b31208823a57771b47273/ideaIC-2019.2.4/plugins/java/lib/jps-launcher.jar
2019-11-24 06:25:14,439 [    580]   INFO - etbrains.jps.cmdline.BuildMain - Connection to IDE established in 505 ms
2019-11-24 06:25:14,456 [    597]   INFO - penapi.util.io.win32.IdeaWin32 - Native filesystem for Windows is operational
2019-11-24 06:25:14,502 [    643]   INFO - jps.cmdline.JpsModelLoaderImpl - Loading model: project path = C:/Users/h80054936/IdeaProjects/untitled2, global options path = C:/Users/h80054936/Documents/intellibuddy/build/idea-sandbox/config/options
2019-11-24 06:25:14,774 [    915]   INFO - jps.cmdline.JpsModelLoaderImpl - Model loaded in 272 ms
2019-11-24 06:25:14,774 [    915]   INFO - jps.cmdline.JpsModelLoaderImpl - Project has 1 modules, 0 libraries
2019-11-24 06:25:14,868 [   1009]   INFO - ellij.util.io.PagedFileStorage - lower=100; upper=500; buffer=10; max=680
2019-11-24 06:25:15,041 [   1182]   INFO - etbrains.jps.cmdline.BuildMain - Pre-loaded process ready in 1183 ms
2019-11-24 06:26:53,237 [  99378]   INFO - etbrains.jps.cmdline.BuildMain - Build canceled, but no build session is running. Exiting.
2019-11-24 06:28:29,946 [      0]   INFO - etbrains.jps.cmdline.BuildMain - ==================================================
2019-11-24 06:28:29,950 [      4]   INFO - etbrains.jps.cmdline.BuildMain - Build process started. Classpath: C:/Users/h80054936/.gradle/caches/modules-2/files-2.1/com.jetbrains.intellij.idea/ideaIC/2019.2.4/a2eb13f21bdc018b64b31208823a57771b47273/ideaIC-2019.2.4/plugins/java/lib/jps-launcher.jar
2019-11-24 06:28:32,851 [   2905]   INFO - etbrains.jps.cmdline.BuildMain - Connection to IDE established in 2576 ms
2019-11-24 06:28:33,283 [   3337]   INFO - jps.cmdline.JpsModelLoaderImpl - Loading model: project path = C:/Users/h80054936/IdeaProjects/untitled2, global options path = C:/Users/h80054936/Documents/intellibuddy/build/idea-sandbox/config/options
2019-11-24 06:28:33,710 [   3764]   INFO - jps.cmdline.JpsModelLoaderImpl - Model loaded in 427 ms
2019-11-24 06:28:33,711 [   3765]   INFO - jps.cmdline.JpsModelLoaderImpl - Project has 1 modules, 0 libraries
2019-11-24 06:28:33,935 [   3989]   INFO - ellij.util.io.PagedFileStorage - lower=100; upper=500; buffer=10; max=680
2019-11-24 06:28:38,376 [      0]   INFO - etbrains.jps.cmdline.BuildMain - ==================================================
2019-11-24 06:28:38,383 [      7]   INFO - etbrains.jps.cmdline.BuildMain - Build process started. Classpath: C:/Users/h80054936/.gradle/caches/modules-2/files-2.1/com.jetbrains.intellij.idea/ideaIC/2019.2.4/a2eb13f21bdc018b64b31208823a57771b47273/ideaIC-2019.2.4/plugins/java/lib/jps-launcher.jar
2019-11-24 06:28:39,204 [    828]   INFO - etbrains.jps.cmdline.BuildMain - Connection to IDE established in 687 ms
2019-11-24 06:28:39,221 [    845]   INFO - penapi.util.io.win32.IdeaWin32 - Native filesystem for Windows is operational
2019-11-24 06:28:39,259 [    883]   INFO - jps.cmdline.JpsModelLoaderImpl - Loading model: project path = C:/Users/h80054936/IdeaProjects/untitled2, global options path = C:/Users/h80054936/Documents/intellibuddy/build/idea-sandbox/config/options
2019-11-24 06:28:39,473 [   1097]   INFO - jps.cmdline.JpsModelLoaderImpl - Model loaded in 214 ms
2019-11-24 06:28:39,473 [   1097]   INFO - jps.cmdline.JpsModelLoaderImpl - Project has 1 modules, 0 libraries
2019-11-24 06:28:39,554 [   1178]   INFO - ellij.util.io.PagedFileStorage - lower=100; upper=500; buffer=10; max=680
2019-11-24 06:28:39,703 [   1327]   INFO - etbrains.jps.cmdline.BuildMain - Pre-loaded process ready in 1345 ms
2019-11-24 06:34:09,445 [ 331069]   INFO - etbrains.jps.cmdline.BuildMain - Build canceled, but no build session is running. Exiting.
2019-11-24 07:00:16,462 [      0]   INFO - etbrains.jps.cmdline.BuildMain - ==================================================
2019-11-24 07:00:16,463 [      1]   INFO - etbrains.jps.cmdline.BuildMain - Build process started. Classpath: C:/Users/h80054936/.gradle/caches/modules-2/files-2.1/com.jetbrains.intellij.idea/ideaIC/2019.2.4/a2eb13f21bdc018b64b31208823a57771b47273/ideaIC-2019.2.4/plugins/java/lib/jps-launcher.jar
2019-11-24 07:00:18,541 [   2079]   INFO - etbrains.jps.cmdline.BuildMain - Connection to IDE established in 1765 ms
2019-11-24 07:00:18,950 [   2488]   INFO - jps.cmdline.JpsModelLoaderImpl - Loading model: project path = C:/Users/h80054936/IdeaProjects/untitled2, global options path = C:/Users/h80054936/Documents/intellibuddy/build/idea-sandbox/config/options
2019-11-24 07:00:19,393 [   2931]   INFO - jps.cmdline.JpsModelLoaderImpl - Model loaded in 443 ms
2019-11-24 07:00:19,393 [   2931]   INFO - jps.cmdline.JpsModelLoaderImpl - Project has 1 modules, 0 libraries
2019-11-24 07:00:19,586 [   3124]   INFO - ellij.util.io.PagedFileStorage - lower=100; upper=500; buffer=10; max=680
2019-11-24 07:00:23,284 [      0]   INFO - etbrains.jps.cmdline.BuildMain - ==================================================
2019-11-24 07:00:23,285 [      1]   INFO - etbrains.jps.cmdline.BuildMain - Build process started. Classpath: C:/Users/h80054936/.gradle/caches/modules-2/files-2.1/com.jetbrains.intellij.idea/ideaIC/2019.2.4/a2eb13f21bdc018b64b31208823a57771b47273/ideaIC-2019.2.4/plugins/java/lib/jps-launcher.jar
2019-11-24 07:00:24,556 [   1272]   INFO - etbrains.jps.cmdline.BuildMain - Connection to IDE established in 897 ms
2019-11-24 07:00:24,572 [   1288]   INFO - penapi.util.io.win32.IdeaWin32 - Native filesystem for Windows is operational
2019-11-24 07:00:24,607 [   1323]   INFO - jps.cmdline.JpsModelLoaderImpl - Loading model: project path = C:/Users/h80054936/IdeaProjects/untitled2, global options path = C:/Users/h80054936/Documents/intellibuddy/build/idea-sandbox/config/options
2019-11-24 07:00:24,808 [   1524]   INFO - jps.cmdline.JpsModelLoaderImpl - Model loaded in 201 ms
2019-11-24 07:00:24,808 [   1524]   INFO - jps.cmdline.JpsModelLoaderImpl - Project has 1 modules, 0 libraries
2019-11-24 07:00:24,881 [   1597]   INFO - ellij.util.io.PagedFileStorage - lower=100; upper=500; buffer=10; max=680
2019-11-24 07:00:25,011 [   1727]   INFO - etbrains.jps.cmdline.BuildMain - Pre-loaded process ready in 1730 ms
2019-11-24 07:04:21,472 [ 238188]   INFO - etbrains.jps.cmdline.BuildMain - Build canceled, but no build session is running. Exiting.
2019-11-24 07:08:37,874 [      0]   INFO - etbrains.jps.cmdline.BuildMain - ==================================================
2019-11-24 07:08:37,875 [      1]   INFO - etbrains.jps.cmdline.BuildMain - Build process started. Classpath: C:/Users/h80054936/.gradle/caches/modules-2/files-2.1/com.jetbrains.intellij.idea/ideaIC/2019.2.4/a2eb13f21bdc018b64b31208823a57771b47273/ideaIC-2019.2.4/plugins/java/lib/jps-launcher.jar
2019-11-24 07:08:40,194 [   2320]   INFO - etbrains.jps.cmdline.BuildMain - Connection to IDE established in 2196 ms
2019-11-24 07:08:40,716 [   2842]   INFO - jps.cmdline.JpsModelLoaderImpl - Loading model: project path = C:/Users/h80054936/IdeaProjects/untitled2, global options path = C:/Users/h80054936/Documents/intellibuddy/build/idea-sandbox/config/options
2019-11-24 07:08:41,353 [   3479]   INFO - jps.cmdline.JpsModelLoaderImpl - Model loaded in 638 ms
2019-11-24 07:08:41,353 [   3479]   INFO - jps.cmdline.JpsModelLoaderImpl - Project has 1 modules, 0 libraries
2019-11-24 07:08:41,467 [   3593]   INFO - ellij.util.io.PagedFileStorage - lower=100; upper=500; buffer=10; max=680
2019-11-24 07:08:44,644 [      0]   INFO - etbrains.jps.cmdline.BuildMain - ==================================================
2019-11-24 07:08:44,645 [      1]   INFO - etbrains.jps.cmdline.BuildMain - Build process started. Classpath: C:/Users/h80054936/.gradle/caches/modules-2/files-2.1/com.jetbrains.intellij.idea/ideaIC/2019.2.4/a2eb13f21bdc018b64b31208823a57771b47273/ideaIC-2019.2.4/plugins/java/lib/jps-launcher.jar
2019-11-24 07:08:46,045 [   1401]   INFO - etbrains.jps.cmdline.BuildMain - Connection to IDE established in 963 ms
2019-11-24 07:08:46,065 [   1421]   INFO - penapi.util.io.win32.IdeaWin32 - Native filesystem for Windows is operational
2019-11-24 07:08:46,111 [   1467]   INFO - jps.cmdline.JpsModelLoaderImpl - Loading model: project path = C:/Users/h80054936/IdeaProjects/untitled2, global options path = C:/Users/h80054936/Documents/intellibuddy/build/idea-sandbox/config/options
2019-11-24 07:08:46,415 [   1771]   INFO - jps.cmdline.JpsModelLoaderImpl - Model loaded in 304 ms
2019-11-24 07:08:46,415 [   1771]   INFO - jps.cmdline.JpsModelLoaderImpl - Project has 1 modules, 0 libraries
2019-11-24 07:08:46,500 [   1856]   INFO - ellij.util.io.PagedFileStorage - lower=100; upper=500; buffer=10; max=680
2019-11-24 07:08:46,643 [   1999]   INFO - etbrains.jps.cmdline.BuildMain - Pre-loaded process ready in 2005 ms
2019-11-24 07:10:19,515 [  94871]   INFO - etbrains.jps.cmdline.BuildMain - Build canceled, but no build session is running. Exiting.
2019-11-24 07:11:43,049 [      0]   INFO - etbrains.jps.cmdline.BuildMain - ==================================================
2019-11-24 07:11:43,051 [      2]   INFO - etbrains.jps.cmdline.BuildMain - Build process started. Classpath: C:/Users/h80054936/.gradle/caches/modules-2/files-2.1/com.jetbrains.intellij.idea/ideaIC/2019.2.4/a2eb13f21bdc018b64b31208823a57771b47273/ideaIC-2019.2.4/plugins/java/lib/jps-launcher.jar
2019-11-24 07:11:44,670 [   1621]   INFO - etbrains.jps.cmdline.BuildMain - Connection to IDE established in 1382 ms
2019-11-24 07:11:45,690 [   2641]   INFO - jps.cmdline.JpsModelLoaderImpl - Loading model: project path = C:/Users/h80054936/IdeaProjects/untitled2, global options path = C:/Users/h80054936/Documents/intellibuddy/build/idea-sandbox/config/options
2019-11-24 07:11:46,387 [   3338]   INFO - jps.cmdline.JpsModelLoaderImpl - Model loaded in 697 ms
2019-11-24 07:11:46,387 [   3338]   INFO - jps.cmdline.JpsModelLoaderImpl - Project has 1 modules, 0 libraries
2019-11-24 07:11:46,533 [   3484]   INFO - ellij.util.io.PagedFileStorage - lower=100; upper=500; buffer=10; max=680
2019-11-24 07:11:49,018 [      0]   INFO - etbrains.jps.cmdline.BuildMain - ==================================================
2019-11-24 07:11:49,033 [     15]   INFO - etbrains.jps.cmdline.BuildMain - Build process started. Classpath: C:/Users/h80054936/.gradle/caches/modules-2/files-2.1/com.jetbrains.intellij.idea/ideaIC/2019.2.4/a2eb13f21bdc018b64b31208823a57771b47273/ideaIC-2019.2.4/plugins/java/lib/jps-launcher.jar
2019-11-24 07:11:50,943 [   1925]   INFO - etbrains.jps.cmdline.BuildMain - Connection to IDE established in 1751 ms
2019-11-24 07:11:50,967 [   1949]   INFO - penapi.util.io.win32.IdeaWin32 - Native filesystem for Windows is operational
2019-11-24 07:11:51,126 [   2108]   INFO - jps.cmdline.JpsModelLoaderImpl - Loading model: project path = C:/Users/h80054936/IdeaProjects/untitled2, global options path = C:/Users/h80054936/Documents/intellibuddy/build/idea-sandbox/config/options
2019-11-24 07:11:51,500 [   2482]   INFO - jps.cmdline.JpsModelLoaderImpl - Model loaded in 373 ms
2019-11-24 07:11:51,500 [   2482]   INFO - jps.cmdline.JpsModelLoaderImpl - Project has 1 modules, 0 libraries
2019-11-24 07:11:51,590 [   2572]   INFO - ellij.util.io.PagedFileStorage - lower=100; upper=500; buffer=10; max=680
2019-11-24 07:11:51,995 [   2977]   INFO - etbrains.jps.cmdline.BuildMain - Pre-loaded process ready in 2979 ms
2019-11-24 07:12:52,800 [  63782]   INFO - etbrains.jps.cmdline.BuildMain - Build canceled, but no build session is running. Exiting.
2019-11-24 07:13:25,899 [      0]   INFO - etbrains.jps.cmdline.BuildMain - ==================================================
2019-11-24 07:13:25,900 [      1]   INFO - etbrains.jps.cmdline.BuildMain - Build process started. Classpath: C:/Users/h80054936/.gradle/caches/modules-2/files-2.1/com.jetbrains.intellij.idea/ideaIC/2019.2.4/a2eb13f21bdc018b64b31208823a57771b47273/ideaIC-2019.2.4/plugins/java/lib/jps-launcher.jar
2019-11-24 07:13:27,571 [   1672]   INFO - etbrains.jps.cmdline.BuildMain - Connection to IDE established in 1378 ms
2019-11-24 07:13:27,974 [   2075]   INFO - jps.cmdline.JpsModelLoaderImpl - Loading model: project path = C:/Users/h80054936/IdeaProjects/untitled2, global options path = C:/Users/h80054936/Documents/intellibuddy/build/idea-sandbox/config/options
2019-11-24 07:13:28,490 [   2591]   INFO - jps.cmdline.JpsModelLoaderImpl - Model loaded in 516 ms
2019-11-24 07:13:28,491 [   2592]   INFO - jps.cmdline.JpsModelLoaderImpl - Project has 1 modules, 0 libraries
2019-11-24 07:13:28,642 [   2743]   INFO - ellij.util.io.PagedFileStorage - lower=100; upper=500; buffer=10; max=680
2019-11-24 07:13:30,961 [      0]   INFO - etbrains.jps.cmdline.BuildMain - ==================================================
2019-11-24 07:13:30,963 [      2]   INFO - etbrains.jps.cmdline.BuildMain - Build process started. Classpath: C:/Users/h80054936/.gradle/caches/modules-2/files-2.1/com.jetbrains.intellij.idea/ideaIC/2019.2.4/a2eb13f21bdc018b64b31208823a57771b47273/ideaIC-2019.2.4/plugins/java/lib/jps-launcher.jar
2019-11-24 07:13:31,968 [   1007]   INFO - etbrains.jps.cmdline.BuildMain - Connection to IDE established in 753 ms
2019-11-24 07:13:31,985 [   1024]   INFO - penapi.util.io.win32.IdeaWin32 - Native filesystem for Windows is operational
2019-11-24 07:13:32,022 [   1061]   INFO - jps.cmdline.JpsModelLoaderImpl - Loading model: project path = C:/Users/h80054936/IdeaProjects/untitled2, global options path = C:/Users/h80054936/Documents/intellibuddy/build/idea-sandbox/config/options
2019-11-24 07:13:32,250 [   1289]   INFO - jps.cmdline.JpsModelLoaderImpl - Model loaded in 228 ms
2019-11-24 07:13:32,250 [   1289]   INFO - jps.cmdline.JpsModelLoaderImpl - Project has 1 modules, 0 libraries
2019-11-24 07:13:32,336 [   1375]   INFO - ellij.util.io.PagedFileStorage - lower=100; upper=500; buffer=10; max=680
2019-11-24 07:13:32,475 [   1514]   INFO - etbrains.jps.cmdline.BuildMain - Pre-loaded process ready in 1518 ms
2019-11-24 07:14:19,632 [  48671]   INFO - etbrains.jps.cmdline.BuildMain - Build canceled, but no build session is running. Exiting.
2019-11-24 07:15:22,084 [      0]   INFO - etbrains.jps.cmdline.BuildMain - ==================================================
2019-11-24 07:15:22,085 [      1]   INFO - etbrains.jps.cmdline.BuildMain - Build process started. Classpath: C:/Users/h80054936/.gradle/caches/modules-2/files-2.1/com.jetbrains.intellij.idea/ideaIC/2019.2.4/a2eb13f21bdc018b64b31208823a57771b47273/ideaIC-2019.2.4/plugins/java/lib/jps-launcher.jar
2019-11-24 07:15:23,102 [   1018]   INFO - etbrains.jps.cmdline.BuildMain - Connection to IDE established in 885 ms
2019-11-24 07:15:23,397 [   1313]   INFO - jps.cmdline.JpsModelLoaderImpl - Loading model: project path = C:/Users/h80054936/IdeaProjects/untitled2, global options path = C:/Users/h80054936/Documents/intellibuddy/build/idea-sandbox/config/options
2019-11-24 07:15:24,043 [   1959]   INFO - jps.cmdline.JpsModelLoaderImpl - Model loaded in 646 ms
2019-11-24 07:15:24,043 [   1959]   INFO - jps.cmdline.JpsModelLoaderImpl - Project has 1 modules, 0 libraries
2019-11-24 07:15:24,300 [   2216]   INFO - ellij.util.io.PagedFileStorage - lower=100; upper=500; buffer=10; max=680
2019-11-24 07:15:28,130 [      0]   INFO - etbrains.jps.cmdline.BuildMain - ==================================================
2019-11-24 07:15:28,131 [      1]   INFO - etbrains.jps.cmdline.BuildMain - Build process started. Classpath: C:/Users/h80054936/.gradle/caches/modules-2/files-2.1/com.jetbrains.intellij.idea/ideaIC/2019.2.4/a2eb13f21bdc018b64b31208823a57771b47273/ideaIC-2019.2.4/plugins/java/lib/jps-launcher.jar
2019-11-24 07:15:29,811 [   1681]   INFO - etbrains.jps.cmdline.BuildMain - Connection to IDE established in 1514 ms
2019-11-24 07:15:29,827 [   1697]   INFO - penapi.util.io.win32.IdeaWin32 - Native filesystem for Windows is operational
2019-11-24 07:15:29,871 [   1741]   INFO - jps.cmdline.JpsModelLoaderImpl - Loading model: project path = C:/Users/h80054936/IdeaProjects/untitled2, global options path = C:/Users/h80054936/Documents/intellibuddy/build/idea-sandbox/config/options
2019-11-24 07:15:30,318 [   2188]   INFO - jps.cmdline.JpsModelLoaderImpl - Model loaded in 447 ms
2019-11-24 07:15:30,318 [   2188]   INFO - jps.cmdline.JpsModelLoaderImpl - Project has 1 modules, 0 libraries
2019-11-24 07:15:30,441 [   2311]   INFO - ellij.util.io.PagedFileStorage - lower=100; upper=500; buffer=10; max=680
2019-11-24 07:15:30,622 [   2492]   INFO - etbrains.jps.cmdline.BuildMain - Pre-loaded process ready in 2493 ms
2019-11-24 07:18:28,411 [ 180281]   INFO - etbrains.jps.cmdline.BuildMain - Build canceled, but no build session is running. Exiting.
2019-11-24 07:18:47,085 [      0]   INFO - etbrains.jps.cmdline.BuildMain - ==================================================
2019-11-24 07:18:47,086 [      1]   INFO - etbrains.jps.cmdline.BuildMain - Build process started. Classpath: C:/Users/h80054936/.gradle/caches/modules-2/files-2.1/com.jetbrains.intellij.idea/ideaIC/2019.2.4/a2eb13f21bdc018b64b31208823a57771b47273/ideaIC-2019.2.4/plugins/java/lib/jps-launcher.jar
2019-11-24 07:18:48,115 [   1030]   INFO - etbrains.jps.cmdline.BuildMain - Connection to IDE established in 902 ms
2019-11-24 07:18:48,760 [   1675]   INFO - jps.cmdline.JpsModelLoaderImpl - Loading model: project path = C:/Users/h80054936/IdeaProjects/untitled2, global options path = C:/Users/h80054936/Documents/intellibuddy/build/idea-sandbox/config/options
2019-11-24 07:18:49,475 [   2390]   INFO - jps.cmdline.JpsModelLoaderImpl - Model loaded in 715 ms
2019-11-24 07:18:49,476 [   2391]   INFO - jps.cmdline.JpsModelLoaderImpl - Project has 1 modules, 0 libraries
2019-11-24 07:18:49,720 [   2635]   INFO - ellij.util.io.PagedFileStorage - lower=100; upper=500; buffer=10; max=680
2019-11-24 07:18:54,574 [      0]   INFO - etbrains.jps.cmdline.BuildMain - ==================================================
2019-11-24 07:18:54,575 [      1]   INFO - etbrains.jps.cmdline.BuildMain - Build process started. Classpath: C:/Users/h80054936/.gradle/caches/modules-2/files-2.1/com.jetbrains.intellij.idea/ideaIC/2019.2.4/a2eb13f21bdc018b64b31208823a57771b47273/ideaIC-2019.2.4/plugins/java/lib/jps-launcher.jar
2019-11-24 07:18:55,164 [    590]   INFO - etbrains.jps.cmdline.BuildMain - Connection to IDE established in 531 ms
2019-11-24 07:18:55,183 [    609]   INFO - penapi.util.io.win32.IdeaWin32 - Native filesystem for Windows is operational
2019-11-24 07:18:55,229 [    655]   INFO - jps.cmdline.JpsModelLoaderImpl - Loading model: project path = C:/Users/h80054936/IdeaProjects/untitled2, global options path = C:/Users/h80054936/Documents/intellibuddy/build/idea-sandbox/config/options
2019-11-24 07:18:55,474 [    900]   INFO - jps.cmdline.JpsModelLoaderImpl - Model loaded in 245 ms
2019-11-24 07:18:55,475 [    901]   INFO - jps.cmdline.JpsModelLoaderImpl - Project has 1 modules, 0 libraries
2019-11-24 07:18:55,647 [   1073]   INFO - ellij.util.io.PagedFileStorage - lower=100; upper=500; buffer=10; max=680
2019-11-24 07:18:56,007 [   1433]   INFO - etbrains.jps.cmdline.BuildMain - Pre-loaded process ready in 1435 ms
2019-11-24 07:19:39,595 [  45021]   INFO - etbrains.jps.cmdline.BuildMain - Build canceled, but no build session is running. Exiting.
2019-11-24 07:21:24,034 [      0]   INFO - etbrains.jps.cmdline.BuildMain - ==================================================
2019-11-24 07:21:24,043 [      9]   INFO - etbrains.jps.cmdline.BuildMain - Build process started. Classpath: C:/Users/h80054936/.gradle/caches/modules-2/files-2.1/com.jetbrains.intellij.idea/ideaIC/2019.2.4/a2eb13f21bdc018b64b31208823a57771b47273/ideaIC-2019.2.4/plugins/java/lib/jps-launcher.jar
2019-11-24 07:21:25,633 [   1599]   INFO - etbrains.jps.cmdline.BuildMain - Connection to IDE established in 1408 ms
2019-11-24 07:21:26,051 [   2017]   INFO - jps.cmdline.JpsModelLoaderImpl - Loading model: project path = C:/Users/h80054936/IdeaProjects/untitled2, global options path = C:/Users/h80054936/Documents/intellibuddy/build/idea-sandbox/config/options
2019-11-24 07:21:26,529 [   2495]   INFO - jps.cmdline.JpsModelLoaderImpl - Model loaded in 478 ms
2019-11-24 07:21:26,529 [   2495]   INFO - jps.cmdline.JpsModelLoaderImpl - Project has 1 modules, 0 libraries
2019-11-24 07:21:26,745 [   2711]   INFO - ellij.util.io.PagedFileStorage - lower=100; upper=500; buffer=10; max=680
2019-11-24 07:21:30,355 [      0]   INFO - etbrains.jps.cmdline.BuildMain - ==================================================
2019-11-24 07:21:30,356 [      1]   INFO - etbrains.jps.cmdline.BuildMain - Build process started. Classpath: C:/Users/h80054936/.gradle/caches/modules-2/files-2.1/com.jetbrains.intellij.idea/ideaIC/2019.2.4/a2eb13f21bdc018b64b31208823a57771b47273/ideaIC-2019.2.4/plugins/java/lib/jps-launcher.jar
2019-11-24 07:21:32,376 [   2021]   INFO - etbrains.jps.cmdline.BuildMain - Connection to IDE established in 1781 ms
2019-11-24 07:21:32,397 [   2042]   INFO - penapi.util.io.win32.IdeaWin32 - Native filesystem for Windows is operational
2019-11-24 07:21:32,443 [   2088]   INFO - jps.cmdline.JpsModelLoaderImpl - Loading model: project path = C:/Users/h80054936/IdeaProjects/untitled2, global options path = C:/Users/h80054936/Documents/intellibuddy/build/idea-sandbox/config/options
2019-11-24 07:21:32,956 [   2601]   INFO - jps.cmdline.JpsModelLoaderImpl - Model loaded in 513 ms
2019-11-24 07:21:32,956 [   2601]   INFO - jps.cmdline.JpsModelLoaderImpl - Project has 1 modules, 0 libraries
2019-11-24 07:21:33,055 [   2700]   INFO - ellij.util.io.PagedFileStorage - lower=100; upper=500; buffer=10; max=680
2019-11-24 07:21:33,239 [   2884]   INFO - etbrains.jps.cmdline.BuildMain - Pre-loaded process ready in 2897 ms
2019-11-24 07:23:51,840 [ 141485]   INFO - etbrains.jps.cmdline.BuildMain - Build canceled, but no build session is running. Exiting.
2019-11-24 07:24:11,223 [      0]   INFO - etbrains.jps.cmdline.BuildMain - ==================================================
2019-11-24 07:24:11,225 [      2]   INFO - etbrains.jps.cmdline.BuildMain - Build process started. Classpath: C:/Users/h80054936/.gradle/caches/modules-2/files-2.1/com.jetbrains.intellij.idea/ideaIC/2019.2.4/a2eb13f21bdc018b64b31208823a57771b47273/ideaIC-2019.2.4/plugins/java/lib/jps-launcher.jar
2019-11-24 07:24:13,003 [   1780]   INFO - etbrains.jps.cmdline.BuildMain - Connection to IDE established in 1569 ms
2019-11-24 07:24:13,375 [   2152]   INFO - jps.cmdline.JpsModelLoaderImpl - Loading model: project path = C:/Users/h80054936/IdeaProjects/untitled2, global options path = C:/Users/h80054936/Documents/intellibuddy/build/idea-sandbox/config/options
2019-11-24 07:24:13,768 [   2545]   INFO - jps.cmdline.JpsModelLoaderImpl - Model loaded in 393 ms
2019-11-24 07:24:13,768 [   2545]   INFO - jps.cmdline.JpsModelLoaderImpl - Project has 1 modules, 0 libraries
2019-11-24 07:24:13,912 [   2689]   INFO - ellij.util.io.PagedFileStorage - lower=100; upper=500; buffer=10; max=680
2019-11-24 07:24:18,942 [      0]   INFO - etbrains.jps.cmdline.BuildMain - ==================================================
2019-11-24 07:24:18,943 [      1]   INFO - etbrains.jps.cmdline.BuildMain - Build process started. Classpath: C:/Users/h80054936/.gradle/caches/modules-2/files-2.1/com.jetbrains.intellij.idea/ideaIC/2019.2.4/a2eb13f21bdc018b64b31208823a57771b47273/ideaIC-2019.2.4/plugins/java/lib/jps-launcher.jar
2019-11-24 07:24:19,802 [    860]   INFO - etbrains.jps.cmdline.BuildMain - Connection to IDE established in 676 ms
2019-11-24 07:24:19,824 [    882]   INFO - penapi.util.io.win32.IdeaWin32 - Native filesystem for Windows is operational
2019-11-24 07:24:19,869 [    927]   INFO - jps.cmdline.JpsModelLoaderImpl - Loading model: project path = C:/Users/h80054936/IdeaProjects/untitled2, global options path = C:/Users/h80054936/Documents/intellibuddy/build/idea-sandbox/config/options
2019-11-24 07:24:20,118 [   1176]   INFO - jps.cmdline.JpsModelLoaderImpl - Model loaded in 249 ms
2019-11-24 07:24:20,118 [   1176]   INFO - jps.cmdline.JpsModelLoaderImpl - Project has 1 modules, 0 libraries
2019-11-24 07:24:20,222 [   1280]   INFO - ellij.util.io.PagedFileStorage - lower=100; upper=500; buffer=10; max=680
2019-11-24 07:24:20,387 [   1445]   INFO - etbrains.jps.cmdline.BuildMain - Pre-loaded process ready in 1447 ms
2019-11-24 07:29:00,436 [ 281494]   INFO - etbrains.jps.cmdline.BuildMain - Build canceled, but no build session is running. Exiting.
2019-11-24 07:30:52,510 [      0]   INFO - etbrains.jps.cmdline.BuildMain - ==================================================
2019-11-24 07:30:52,511 [      1]   INFO - etbrains.jps.cmdline.BuildMain - Build process started. Classpath: C:/Users/h80054936/.gradle/caches/modules-2/files-2.1/com.jetbrains.intellij.idea/ideaIC/2019.2.4/a2eb13f21bdc018b64b31208823a57771b47273/ideaIC-2019.2.4/plugins/java/lib/jps-launcher.jar
2019-11-24 07:30:54,939 [   2429]   INFO - etbrains.jps.cmdline.BuildMain - Connection to IDE established in 2228 ms
2019-11-24 07:30:55,487 [   2977]   INFO - jps.cmdline.JpsModelLoaderImpl - Loading model: project path = C:/Users/h80054936/IdeaProjects/untitled2, global options path = C:/Users/h80054936/Documents/intellibuddy/build/idea-sandbox/config/options
2019-11-24 07:30:55,892 [   3382]   INFO - jps.cmdline.JpsModelLoaderImpl - Model loaded in 405 ms
2019-11-24 07:30:55,892 [   3382]   INFO - jps.cmdline.JpsModelLoaderImpl - Project has 1 modules, 0 libraries
2019-11-24 07:30:56,021 [   3511]   INFO - ellij.util.io.PagedFileStorage - lower=100; upper=500; buffer=10; max=680
2019-11-24 07:31:00,701 [      0]   INFO - etbrains.jps.cmdline.BuildMain - ==================================================
2019-11-24 07:31:00,703 [      2]   INFO - etbrains.jps.cmdline.BuildMain - Build process started. Classpath: C:/Users/h80054936/.gradle/caches/modules-2/files-2.1/com.jetbrains.intellij.idea/ideaIC/2019.2.4/a2eb13f21bdc018b64b31208823a57771b47273/ideaIC-2019.2.4/plugins/java/lib/jps-launcher.jar
2019-11-24 07:31:01,368 [    667]   INFO - etbrains.jps.cmdline.BuildMain - Connection to IDE established in 552 ms
2019-11-24 07:31:01,383 [    682]   INFO - penapi.util.io.win32.IdeaWin32 - Native filesystem for Windows is operational
2019-11-24 07:31:01,417 [    716]   INFO - jps.cmdline.JpsModelLoaderImpl - Loading model: project path = C:/Users/h80054936/IdeaProjects/untitled2, global options path = C:/Users/h80054936/Documents/intellibuddy/build/idea-sandbox/config/options
2019-11-24 07:31:01,631 [    930]   INFO - jps.cmdline.JpsModelLoaderImpl - Model loaded in 214 ms
2019-11-24 07:31:01,631 [    930]   INFO - jps.cmdline.JpsModelLoaderImpl - Project has 1 modules, 0 libraries
2019-11-24 07:31:01,715 [   1014]   INFO - ellij.util.io.PagedFileStorage - lower=100; upper=500; buffer=10; max=680
2019-11-24 07:31:01,841 [   1140]   INFO - etbrains.jps.cmdline.BuildMain - Pre-loaded process ready in 1143 ms
2019-11-24 07:36:51,851 [ 351150]   INFO - etbrains.jps.cmdline.BuildMain - Build canceled, but no build session is running. Exiting.
2019-11-24 07:37:18,426 [      0]   INFO - etbrains.jps.cmdline.BuildMain - ==================================================
2019-11-24 07:37:18,427 [      1]   INFO - etbrains.jps.cmdline.BuildMain - Build process started. Classpath: C:/Users/h80054936/.gradle/caches/modules-2/files-2.1/com.jetbrains.intellij.idea/ideaIC/2019.2.4/a2eb13f21bdc018b64b31208823a57771b47273/ideaIC-2019.2.4/plugins/java/lib/jps-launcher.jar
2019-11-24 07:37:20,572 [   2146]   INFO - etbrains.jps.cmdline.BuildMain - Connection to IDE established in 2032 ms
2019-11-24 07:37:21,127 [   2701]   INFO - jps.cmdline.JpsModelLoaderImpl - Loading model: project path = C:/Users/h80054936/IdeaProjects/untitled2, global options path = C:/Users/h80054936/Documents/intellibuddy/build/idea-sandbox/config/options
2019-11-24 07:37:21,701 [   3275]   INFO - jps.cmdline.JpsModelLoaderImpl - Model loaded in 574 ms
2019-11-24 07:37:21,701 [   3275]   INFO - jps.cmdline.JpsModelLoaderImpl - Project has 1 modules, 0 libraries
2019-11-24 07:37:21,871 [   3445]   INFO - ellij.util.io.PagedFileStorage - lower=100; upper=500; buffer=10; max=680
2019-11-24 07:37:24,236 [      0]   INFO - etbrains.jps.cmdline.BuildMain - ==================================================
2019-11-24 07:37:24,237 [      1]   INFO - etbrains.jps.cmdline.BuildMain - Build process started. Classpath: C:/Users/h80054936/.gradle/caches/modules-2/files-2.1/com.jetbrains.intellij.idea/ideaIC/2019.2.4/a2eb13f21bdc018b64b31208823a57771b47273/ideaIC-2019.2.4/plugins/java/lib/jps-launcher.jar
2019-11-24 07:37:27,072 [   2836]   INFO - etbrains.jps.cmdline.BuildMain - Connection to IDE established in 2264 ms
2019-11-24 07:37:27,104 [   2868]   INFO - penapi.util.io.win32.IdeaWin32 - Native filesystem for Windows is operational
2019-11-24 07:37:27,175 [   2939]   INFO - jps.cmdline.JpsModelLoaderImpl - Loading model: project path = C:/Users/h80054936/IdeaProjects/untitled2, global options path = C:/Users/h80054936/Documents/intellibuddy/build/idea-sandbox/config/options
2019-11-24 07:37:27,518 [   3282]   INFO - jps.cmdline.JpsModelLoaderImpl - Model loaded in 343 ms
2019-11-24 07:37:27,518 [   3282]   INFO - jps.cmdline.JpsModelLoaderImpl - Project has 1 modules, 0 libraries
2019-11-24 07:37:27,641 [   3405]   INFO - ellij.util.io.PagedFileStorage - lower=100; upper=500; buffer=10; max=680
2019-11-24 07:37:27,855 [   3619]   INFO - etbrains.jps.cmdline.BuildMain - Pre-loaded process ready in 3632 ms
2019-11-24 07:44:46,402 [ 442166]   INFO - etbrains.jps.cmdline.BuildMain - Build canceled, but no build session is running. Exiting.
2019-11-24 07:45:02,680 [      0]   INFO - etbrains.jps.cmdline.BuildMain - ==================================================
2019-11-24 07:45:02,683 [      3]   INFO - etbrains.jps.cmdline.BuildMain - Build process started. Classpath: C:/Users/h80054936/.gradle/caches/modules-2/files-2.1/com.jetbrains.intellij.idea/ideaIC/2019.2.4/a2eb13f21bdc018b64b31208823a57771b47273/ideaIC-2019.2.4/plugins/java/lib/jps-launcher.jar
2019-11-24 07:45:04,489 [   1809]   INFO - etbrains.jps.cmdline.BuildMain - Connection to IDE established in 1558 ms
2019-11-24 07:45:04,950 [   2270]   INFO - jps.cmdline.JpsModelLoaderImpl - Loading model: project path = C:/Users/h80054936/IdeaProjects/untitled2, global options path = C:/Users/h80054936/Documents/intellibuddy/build/idea-sandbox/config/options
2019-11-24 07:45:05,428 [   2748]   INFO - jps.cmdline.JpsModelLoaderImpl - Model loaded in 478 ms
2019-11-24 07:45:05,428 [   2748]   INFO - jps.cmdline.JpsModelLoaderImpl - Project has 1 modules, 0 libraries
2019-11-24 07:45:05,538 [   2858]   INFO - ellij.util.io.PagedFileStorage - lower=100; upper=500; buffer=10; max=680
2019-11-24 07:45:08,697 [      0]   INFO - etbrains.jps.cmdline.BuildMain - ==================================================
2019-11-24 07:45:08,699 [      2]   INFO - etbrains.jps.cmdline.BuildMain - Build process started. Classpath: C:/Users/h80054936/.gradle/caches/modules-2/files-2.1/com.jetbrains.intellij.idea/ideaIC/2019.2.4/a2eb13f21bdc018b64b31208823a57771b47273/ideaIC-2019.2.4/plugins/java/lib/jps-launcher.jar
2019-11-24 07:45:10,916 [   2219]   INFO - etbrains.jps.cmdline.BuildMain - Connection to IDE established in 1677 ms
2019-11-24 07:45:10,952 [   2255]   INFO - penapi.util.io.win32.IdeaWin32 - Native filesystem for Windows is operational
2019-11-24 07:45:11,096 [   2399]   INFO - jps.cmdline.JpsModelLoaderImpl - Loading model: project path = C:/Users/h80054936/IdeaProjects/untitled2, global options path = C:/Users/h80054936/Documents/intellibuddy/build/idea-sandbox/config/options
2019-11-24 07:45:11,381 [   2684]   INFO - jps.cmdline.JpsModelLoaderImpl - Model loaded in 285 ms
2019-11-24 07:45:11,381 [   2684]   INFO - jps.cmdline.JpsModelLoaderImpl - Project has 1 modules, 0 libraries
2019-11-24 07:45:11,474 [   2777]   INFO - ellij.util.io.PagedFileStorage - lower=100; upper=500; buffer=10; max=680
2019-11-24 07:45:11,644 [   2947]   INFO - etbrains.jps.cmdline.BuildMain - Pre-loaded process ready in 2970 ms
2019-11-24 07:47:49,905 [ 161208]   INFO - etbrains.jps.cmdline.BuildMain - Build canceled, but no build session is running. Exiting.
2019-11-24 07:48:14,044 [      0]   INFO - etbrains.jps.cmdline.BuildMain - ==================================================
2019-11-24 07:48:14,115 [     71]   INFO - etbrains.jps.cmdline.BuildMain - Build process started. Classpath: C:/Users/h80054936/.gradle/caches/modules-2/files-2.1/com.jetbrains.intellij.idea/ideaIC/2019.2.4/a2eb13f21bdc018b64b31208823a57771b47273/ideaIC-2019.2.4/plugins/java/lib/jps-launcher.jar
2019-11-24 07:48:15,796 [   1752]   INFO - etbrains.jps.cmdline.BuildMain - Connection to IDE established in 987 ms
2019-11-24 07:48:16,074 [   2030]   INFO - jps.cmdline.JpsModelLoaderImpl - Loading model: project path = C:/Users/h80054936/IdeaProjects/untitled2, global options path = C:/Users/h80054936/Documents/intellibuddy/build/idea-sandbox/config/options
2019-11-24 07:48:16,414 [   2370]   INFO - jps.cmdline.JpsModelLoaderImpl - Model loaded in 340 ms
2019-11-24 07:48:16,414 [   2370]   INFO - jps.cmdline.JpsModelLoaderImpl - Project has 1 modules, 0 libraries
2019-11-24 07:48:16,638 [   2594]   INFO - ellij.util.io.PagedFileStorage - lower=100; upper=500; buffer=10; max=680
2019-11-24 07:48:18,983 [      0]   INFO - etbrains.jps.cmdline.BuildMain - ==================================================
2019-11-24 07:48:18,984 [      1]   INFO - etbrains.jps.cmdline.BuildMain - Build process started. Classpath: C:/Users/h80054936/.gradle/caches/modules-2/files-2.1/com.jetbrains.intellij.idea/ideaIC/2019.2.4/a2eb13f21bdc018b64b31208823a57771b47273/ideaIC-2019.2.4/plugins/java/lib/jps-launcher.jar
2019-11-24 07:48:19,691 [    708]   INFO - etbrains.jps.cmdline.BuildMain - Connection to IDE established in 593 ms
2019-11-24 07:48:19,705 [    722]   INFO - penapi.util.io.win32.IdeaWin32 - Native filesystem for Windows is operational
2019-11-24 07:48:19,742 [    759]   INFO - jps.cmdline.JpsModelLoaderImpl - Loading model: project path = C:/Users/h80054936/IdeaProjects/untitled2, global options path = C:/Users/h80054936/Documents/intellibuddy/build/idea-sandbox/config/options
2019-11-24 07:48:19,949 [    966]   INFO - jps.cmdline.JpsModelLoaderImpl - Model loaded in 208 ms
2019-11-24 07:48:19,949 [    966]   INFO - jps.cmdline.JpsModelLoaderImpl - Project has 1 modules, 0 libraries
2019-11-24 07:48:20,031 [   1048]   INFO - ellij.util.io.PagedFileStorage - lower=100; upper=500; buffer=10; max=680
2019-11-24 07:48:20,179 [   1196]   INFO - etbrains.jps.cmdline.BuildMain - Pre-loaded process ready in 1200 ms
2019-11-24 07:58:26,019 [ 607036]   INFO - etbrains.jps.cmdline.BuildMain - Build canceled, but no build session is running. Exiting.
2019-11-24 07:59:46,024 [      0]   INFO - etbrains.jps.cmdline.BuildMain - ==================================================
2019-11-24 07:59:46,025 [      1]   INFO - etbrains.jps.cmdline.BuildMain - Build process started. Classpath: C:/Users/h80054936/.gradle/caches/modules-2/files-2.1/com.jetbrains.intellij.idea/ideaIC/2019.2.4/a2eb13f21bdc018b64b31208823a57771b47273/ideaIC-2019.2.4/plugins/java/lib/jps-launcher.jar
2019-11-24 07:59:47,613 [   1589]   INFO - etbrains.jps.cmdline.BuildMain - Connection to IDE established in 1387 ms
2019-11-24 07:59:48,055 [   2031]   INFO - jps.cmdline.JpsModelLoaderImpl - Loading model: project path = C:/Users/h80054936/IdeaProjects/untitled2, global options path = C:/Users/h80054936/Documents/intellibuddy/build/idea-sandbox/config/options
2019-11-24 07:59:48,591 [   2567]   INFO - jps.cmdline.JpsModelLoaderImpl - Model loaded in 536 ms
2019-11-24 07:59:48,591 [   2567]   INFO - jps.cmdline.JpsModelLoaderImpl - Project has 1 modules, 0 libraries
2019-11-24 07:59:48,884 [   2860]   INFO - ellij.util.io.PagedFileStorage - lower=100; upper=500; buffer=10; max=680
2019-11-24 07:59:54,090 [      0]   INFO - etbrains.jps.cmdline.BuildMain - ==================================================
2019-11-24 07:59:54,091 [      1]   INFO - etbrains.jps.cmdline.BuildMain - Build process started. Classpath: C:/Users/h80054936/.gradle/caches/modules-2/files-2.1/com.jetbrains.intellij.idea/ideaIC/2019.2.4/a2eb13f21bdc018b64b31208823a57771b47273/ideaIC-2019.2.4/plugins/java/lib/jps-launcher.jar
2019-11-24 07:59:54,841 [    751]   INFO - etbrains.jps.cmdline.BuildMain - Connection to IDE established in 642 ms
2019-11-24 07:59:54,859 [    769]   INFO - penapi.util.io.win32.IdeaWin32 - Native filesystem for Windows is operational
2019-11-24 07:59:54,901 [    811]   INFO - jps.cmdline.JpsModelLoaderImpl - Loading model: project path = C:/Users/h80054936/IdeaProjects/untitled2, global options path = C:/Users/h80054936/Documents/intellibuddy/build/idea-sandbox/config/options
2019-11-24 07:59:55,145 [   1055]   INFO - jps.cmdline.JpsModelLoaderImpl - Model loaded in 244 ms
2019-11-24 07:59:55,145 [   1055]   INFO - jps.cmdline.JpsModelLoaderImpl - Project has 1 modules, 0 libraries
2019-11-24 07:59:55,245 [   1155]   INFO - ellij.util.io.PagedFileStorage - lower=100; upper=500; buffer=10; max=680
2019-11-24 07:59:55,407 [   1317]   INFO - etbrains.jps.cmdline.BuildMain - Pre-loaded process ready in 1319 ms
2019-11-24 08:00:45,749 [  51659]   INFO - etbrains.jps.cmdline.BuildMain - Build canceled, but no build session is running. Exiting.
2019-11-24 08:01:17,333 [      0]   INFO - etbrains.jps.cmdline.BuildMain - ==================================================
2019-11-24 08:01:17,335 [      2]   INFO - etbrains.jps.cmdline.BuildMain - Build process started. Classpath: C:/Users/h80054936/.gradle/caches/modules-2/files-2.1/com.jetbrains.intellij.idea/ideaIC/2019.2.4/a2eb13f21bdc018b64b31208823a57771b47273/ideaIC-2019.2.4/plugins/java/lib/jps-launcher.jar
2019-11-24 08:01:19,223 [   1890]   INFO - etbrains.jps.cmdline.BuildMain - Connection to IDE established in 1665 ms
2019-11-24 08:01:19,789 [   2456]   INFO - jps.cmdline.JpsModelLoaderImpl - Loading model: project path = C:/Users/h80054936/IdeaProjects/untitled2, global options path = C:/Users/h80054936/Documents/intellibuddy/build/idea-sandbox/config/options
2019-11-24 08:01:20,263 [   2930]   INFO - jps.cmdline.JpsModelLoaderImpl - Model loaded in 474 ms
2019-11-24 08:01:20,263 [   2930]   INFO - jps.cmdline.JpsModelLoaderImpl - Project has 1 modules, 0 libraries
2019-11-24 08:01:20,387 [   3054]   INFO - ellij.util.io.PagedFileStorage - lower=100; upper=500; buffer=10; max=680
2019-11-24 08:01:25,163 [      0]   INFO - etbrains.jps.cmdline.BuildMain - ==================================================
2019-11-24 08:01:25,167 [      4]   INFO - etbrains.jps.cmdline.BuildMain - Build process started. Classpath: C:/Users/h80054936/.gradle/caches/modules-2/files-2.1/com.jetbrains.intellij.idea/ideaIC/2019.2.4/a2eb13f21bdc018b64b31208823a57771b47273/ideaIC-2019.2.4/plugins/java/lib/jps-launcher.jar
2019-11-24 08:01:26,077 [    914]   INFO - etbrains.jps.cmdline.BuildMain - Connection to IDE established in 724 ms
2019-11-24 08:01:26,094 [    931]   INFO - penapi.util.io.win32.IdeaWin32 - Native filesystem for Windows is operational
2019-11-24 08:01:26,132 [    969]   INFO - jps.cmdline.JpsModelLoaderImpl - Loading model: project path = C:/Users/h80054936/IdeaProjects/untitled2, global options path = C:/Users/h80054936/Documents/intellibuddy/build/idea-sandbox/config/options
2019-11-24 08:01:26,392 [   1229]   INFO - jps.cmdline.JpsModelLoaderImpl - Model loaded in 260 ms
2019-11-24 08:01:26,392 [   1229]   INFO - jps.cmdline.JpsModelLoaderImpl - Project has 1 modules, 0 libraries
2019-11-24 08:01:26,491 [   1328]   INFO - ellij.util.io.PagedFileStorage - lower=100; upper=500; buffer=10; max=680
2019-11-24 08:01:26,688 [   1525]   INFO - etbrains.jps.cmdline.BuildMain - Pre-loaded process ready in 1527 ms
2019-11-24 08:02:20,381 [  55218]   INFO - etbrains.jps.cmdline.BuildMain - Build canceled, but no build session is running. Exiting.
2019-11-24 08:03:32,652 [      0]   INFO - etbrains.jps.cmdline.BuildMain - ==================================================
2019-11-24 08:03:32,653 [      1]   INFO - etbrains.jps.cmdline.BuildMain - Build process started. Classpath: C:/Users/h80054936/.gradle/caches/modules-2/files-2.1/com.jetbrains.intellij.idea/ideaIC/2019.2.4/a2eb13f21bdc018b64b31208823a57771b47273/ideaIC-2019.2.4/plugins/java/lib/jps-launcher.jar
2019-11-24 08:03:34,420 [   1768]   INFO - etbrains.jps.cmdline.BuildMain - Connection to IDE established in 1453 ms
2019-11-24 08:03:35,054 [   2402]   INFO - jps.cmdline.JpsModelLoaderImpl - Loading model: project path = C:/Users/h80054936/IdeaProjects/untitled2, global options path = C:/Users/h80054936/Documents/intellibuddy/build/idea-sandbox/config/options
2019-11-24 08:03:35,553 [   2901]   INFO - jps.cmdline.JpsModelLoaderImpl - Model loaded in 499 ms
2019-11-24 08:03:35,553 [   2901]   INFO - jps.cmdline.JpsModelLoaderImpl - Project has 1 modules, 0 libraries
2019-11-24 08:03:35,738 [   3086]   INFO - ellij.util.io.PagedFileStorage - lower=100; upper=500; buffer=10; max=680
2019-11-24 08:03:37,671 [      0]   INFO - etbrains.jps.cmdline.BuildMain - ==================================================
2019-11-24 08:03:37,672 [      1]   INFO - etbrains.jps.cmdline.BuildMain - Build process started. Classpath: C:/Users/h80054936/.gradle/caches/modules-2/files-2.1/com.jetbrains.intellij.idea/ideaIC/2019.2.4/a2eb13f21bdc018b64b31208823a57771b47273/ideaIC-2019.2.4/plugins/java/lib/jps-launcher.jar
2019-11-24 08:03:38,677 [   1006]   INFO - etbrains.jps.cmdline.BuildMain - Connection to IDE established in 900 ms
2019-11-24 08:03:38,699 [   1028]   INFO - penapi.util.io.win32.IdeaWin32 - Native filesystem for Windows is operational
2019-11-24 08:03:38,768 [   1097]   INFO - jps.cmdline.JpsModelLoaderImpl - Loading model: project path = C:/Users/h80054936/IdeaProjects/untitled2, global options path = C:/Users/h80054936/Documents/intellibuddy/build/idea-sandbox/config/options
2019-11-24 08:03:39,283 [   1612]   INFO - jps.cmdline.JpsModelLoaderImpl - Model loaded in 515 ms
2019-11-24 08:03:39,284 [   1613]   INFO - jps.cmdline.JpsModelLoaderImpl - Project has 1 modules, 0 libraries
2019-11-24 08:03:39,457 [   1786]   INFO - ellij.util.io.PagedFileStorage - lower=100; upper=500; buffer=10; max=680
2019-11-24 08:03:39,668 [   1997]   INFO - etbrains.jps.cmdline.BuildMain - Pre-loaded process ready in 1999 ms
2019-11-24 08:04:27,301 [  49630]   INFO - etbrains.jps.cmdline.BuildMain - Build canceled, but no build session is running. Exiting.
2019-11-24 08:11:05,999 [      0]   INFO - etbrains.jps.cmdline.BuildMain - ==================================================
2019-11-24 08:11:06,001 [      2]   INFO - etbrains.jps.cmdline.BuildMain - Build process started. Classpath: C:/Users/h80054936/.gradle/caches/modules-2/files-2.1/com.jetbrains.intellij.idea/ideaIC/2019.2.4/a2eb13f21bdc018b64b31208823a57771b47273/ideaIC-2019.2.4/plugins/java/lib/jps-launcher.jar
2019-11-24 08:11:07,890 [   1891]   INFO - etbrains.jps.cmdline.BuildMain - Connection to IDE established in 1777 ms
2019-11-24 08:11:08,503 [   2504]   INFO - jps.cmdline.JpsModelLoaderImpl - Loading model: project path = C:/Users/h80054936/IdeaProjects/untitled2, global options path = C:/Users/h80054936/Documents/intellibuddy/build/idea-sandbox/config/options
2019-11-24 08:11:09,042 [   3043]   INFO - jps.cmdline.JpsModelLoaderImpl - Model loaded in 539 ms
2019-11-24 08:11:09,042 [   3043]   INFO - jps.cmdline.JpsModelLoaderImpl - Project has 1 modules, 0 libraries
2019-11-24 08:11:09,247 [   3248]   INFO - ellij.util.io.PagedFileStorage - lower=100; upper=500; buffer=10; max=680
2019-11-24 08:11:12,168 [      0]   INFO - etbrains.jps.cmdline.BuildMain - ==================================================
2019-11-24 08:11:12,169 [      1]   INFO - etbrains.jps.cmdline.BuildMain - Build process started. Classpath: C:/Users/h80054936/.gradle/caches/modules-2/files-2.1/com.jetbrains.intellij.idea/ideaIC/2019.2.4/a2eb13f21bdc018b64b31208823a57771b47273/ideaIC-2019.2.4/plugins/java/lib/jps-launcher.jar
2019-11-24 08:11:14,564 [   2396]   INFO - etbrains.jps.cmdline.BuildMain - Connection to IDE established in 2086 ms
2019-11-24 08:11:14,581 [   2413]   INFO - penapi.util.io.win32.IdeaWin32 - Native filesystem for Windows is operational
2019-11-24 08:11:14,620 [   2452]   INFO - jps.cmdline.JpsModelLoaderImpl - Loading model: project path = C:/Users/h80054936/IdeaProjects/untitled2, global options path = C:/Users/h80054936/Documents/intellibuddy/build/idea-sandbox/config/options
2019-11-24 08:11:15,036 [   2868]   INFO - jps.cmdline.JpsModelLoaderImpl - Model loaded in 416 ms
2019-11-24 08:11:15,037 [   2869]   INFO - jps.cmdline.JpsModelLoaderImpl - Project has 1 modules, 0 libraries
2019-11-24 08:11:15,129 [   2961]   INFO - ellij.util.io.PagedFileStorage - lower=100; upper=500; buffer=10; max=680
2019-11-24 08:11:15,298 [   3130]   INFO - etbrains.jps.cmdline.BuildMain - Pre-loaded process ready in 3136 ms
2019-11-24 08:14:44,501 [ 212333]   INFO - etbrains.jps.cmdline.BuildMain - Build canceled, but no build session is running. Exiting.
2019-11-24 08:15:07,825 [      0]   INFO - etbrains.jps.cmdline.BuildMain - ==================================================
2019-11-24 08:15:07,826 [      1]   INFO - etbrains.jps.cmdline.BuildMain - Build process started. Classpath: C:/Users/h80054936/.gradle/caches/modules-2/files-2.1/com.jetbrains.intellij.idea/ideaIC/2019.2.4/a2eb13f21bdc018b64b31208823a57771b47273/ideaIC-2019.2.4/plugins/java/lib/jps-launcher.jar
2019-11-24 08:15:09,928 [   2103]   INFO - etbrains.jps.cmdline.BuildMain - Connection to IDE established in 1732 ms
2019-11-24 08:15:10,356 [   2531]   INFO - jps.cmdline.JpsModelLoaderImpl - Loading model: project path = C:/Users/h80054936/IdeaProjects/untitled2, global options path = C:/Users/h80054936/Documents/intellibuddy/build/idea-sandbox/config/options
2019-11-24 08:15:10,889 [   3064]   INFO - jps.cmdline.JpsModelLoaderImpl - Model loaded in 533 ms
2019-11-24 08:15:10,889 [   3064]   INFO - jps.cmdline.JpsModelLoaderImpl - Project has 1 modules, 0 libraries
2019-11-24 08:15:11,044 [   3219]   INFO - ellij.util.io.PagedFileStorage - lower=100; upper=500; buffer=10; max=680
2019-11-24 08:15:14,912 [      0]   INFO - etbrains.jps.cmdline.BuildMain - ==================================================
2019-11-24 08:15:14,913 [      1]   INFO - etbrains.jps.cmdline.BuildMain - Build process started. Classpath: C:/Users/h80054936/.gradle/caches/modules-2/files-2.1/com.jetbrains.intellij.idea/ideaIC/2019.2.4/a2eb13f21bdc018b64b31208823a57771b47273/ideaIC-2019.2.4/plugins/java/lib/jps-launcher.jar
2019-11-24 08:15:16,940 [   2028]   INFO - etbrains.jps.cmdline.BuildMain - Connection to IDE established in 1617 ms
2019-11-24 08:15:16,956 [   2044]   INFO - penapi.util.io.win32.IdeaWin32 - Native filesystem for Windows is operational
2019-11-24 08:15:16,993 [   2081]   INFO - jps.cmdline.JpsModelLoaderImpl - Loading model: project path = C:/Users/h80054936/IdeaProjects/untitled2, global options path = C:/Users/h80054936/Documents/intellibuddy/build/idea-sandbox/config/options
2019-11-24 08:15:17,231 [   2319]   INFO - jps.cmdline.JpsModelLoaderImpl - Model loaded in 238 ms
2019-11-24 08:15:17,231 [   2319]   INFO - jps.cmdline.JpsModelLoaderImpl - Project has 1 modules, 0 libraries
2019-11-24 08:15:17,327 [   2415]   INFO - ellij.util.io.PagedFileStorage - lower=100; upper=500; buffer=10; max=680
2019-11-24 08:15:17,499 [   2587]   INFO - etbrains.jps.cmdline.BuildMain - Pre-loaded process ready in 2601 ms
2019-11-24 08:22:14,401 [ 419489]   INFO - etbrains.jps.cmdline.BuildMain - Build canceled, but no build session is running. Exiting.
2019-11-24 08:22:33,492 [      0]   INFO - etbrains.jps.cmdline.BuildMain - ==================================================
2019-11-24 08:22:33,493 [      1]   INFO - etbrains.jps.cmdline.BuildMain - Build process started. Classpath: C:/Users/h80054936/.gradle/caches/modules-2/files-2.1/com.jetbrains.intellij.idea/ideaIC/2019.2.4/a2eb13f21bdc018b64b31208823a57771b47273/ideaIC-2019.2.4/plugins/java/lib/jps-launcher.jar
2019-11-24 08:22:35,078 [   1586]   INFO - etbrains.jps.cmdline.BuildMain - Connection to IDE established in 1397 ms
2019-11-24 08:22:35,443 [   1951]   INFO - jps.cmdline.JpsModelLoaderImpl - Loading model: project path = C:/Users/h80054936/IdeaProjects/untitled2, global options path = C:/Users/h80054936/Documents/intellibuddy/build/idea-sandbox/config/options
2019-11-24 08:22:35,862 [   2370]   INFO - jps.cmdline.JpsModelLoaderImpl - Model loaded in 419 ms
2019-11-24 08:22:35,862 [   2370]   INFO - jps.cmdline.JpsModelLoaderImpl - Project has 1 modules, 0 libraries
2019-11-24 08:22:36,058 [   2566]   INFO - ellij.util.io.PagedFileStorage - lower=100; upper=500; buffer=10; max=680
2019-11-24 08:22:40,169 [      0]   INFO - etbrains.jps.cmdline.BuildMain - ==================================================
2019-11-24 08:22:40,172 [      3]   INFO - etbrains.jps.cmdline.BuildMain - Build process started. Classpath: C:/Users/h80054936/.gradle/caches/modules-2/files-2.1/com.jetbrains.intellij.idea/ideaIC/2019.2.4/a2eb13f21bdc018b64b31208823a57771b47273/ideaIC-2019.2.4/plugins/java/lib/jps-launcher.jar
2019-11-24 08:22:41,163 [    994]   INFO - etbrains.jps.cmdline.BuildMain - Connection to IDE established in 644 ms
2019-11-24 08:22:41,179 [   1010]   INFO - penapi.util.io.win32.IdeaWin32 - Native filesystem for Windows is operational
2019-11-24 08:22:41,215 [   1046]   INFO - jps.cmdline.JpsModelLoaderImpl - Loading model: project path = C:/Users/h80054936/IdeaProjects/untitled2, global options path = C:/Users/h80054936/Documents/intellibuddy/build/idea-sandbox/config/options
2019-11-24 08:22:41,423 [   1254]   INFO - jps.cmdline.JpsModelLoaderImpl - Model loaded in 208 ms
2019-11-24 08:22:41,423 [   1254]   INFO - jps.cmdline.JpsModelLoaderImpl - Project has 1 modules, 0 libraries
2019-11-24 08:22:41,503 [   1334]   INFO - ellij.util.io.PagedFileStorage - lower=100; upper=500; buffer=10; max=680
2019-11-24 08:22:41,655 [   1486]   INFO - etbrains.jps.cmdline.BuildMain - Pre-loaded process ready in 1489 ms
2019-11-24 08:25:14,099 [ 153930]   INFO - etbrains.jps.cmdline.BuildMain - Build canceled, but no build session is running. Exiting.
2019-11-24 08:25:35,695 [      0]   INFO - etbrains.jps.cmdline.BuildMain - ==================================================
2019-11-24 08:25:35,704 [      9]   INFO - etbrains.jps.cmdline.BuildMain - Build process started. Classpath: C:/Users/h80054936/.gradle/caches/modules-2/files-2.1/com.jetbrains.intellij.idea/ideaIC/2019.2.4/a2eb13f21bdc018b64b31208823a57771b47273/ideaIC-2019.2.4/plugins/java/lib/jps-launcher.jar
2019-11-24 08:25:37,789 [   2094]   INFO - etbrains.jps.cmdline.BuildMain - Connection to IDE established in 1586 ms
2019-11-24 08:25:38,083 [   2388]   INFO - jps.cmdline.JpsModelLoaderImpl - Loading model: project path = C:/Users/h80054936/IdeaProjects/untitled2, global options path = C:/Users/h80054936/Documents/intellibuddy/build/idea-sandbox/config/options
2019-11-24 08:25:38,535 [   2840]   INFO - jps.cmdline.JpsModelLoaderImpl - Model loaded in 452 ms
2019-11-24 08:25:38,535 [   2840]   INFO - jps.cmdline.JpsModelLoaderImpl - Project has 1 modules, 0 libraries
2019-11-24 08:25:38,684 [   2989]   INFO - ellij.util.io.PagedFileStorage - lower=100; upper=500; buffer=10; max=680
2019-11-24 08:25:41,102 [      0]   INFO - etbrains.jps.cmdline.BuildMain - ==================================================
2019-11-24 08:25:41,103 [      1]   INFO - etbrains.jps.cmdline.BuildMain - Build process started. Classpath: C:/Users/h80054936/.gradle/caches/modules-2/files-2.1/com.jetbrains.intellij.idea/ideaIC/2019.2.4/a2eb13f21bdc018b64b31208823a57771b47273/ideaIC-2019.2.4/plugins/java/lib/jps-launcher.jar
2019-11-24 08:25:41,856 [    754]   INFO - etbrains.jps.cmdline.BuildMain - Connection to IDE established in 602 ms
2019-11-24 08:25:41,873 [    771]   INFO - penapi.util.io.win32.IdeaWin32 - Native filesystem for Windows is operational
2019-11-24 08:25:41,918 [    816]   INFO - jps.cmdline.JpsModelLoaderImpl - Loading model: project path = C:/Users/h80054936/IdeaProjects/untitled2, global options path = C:/Users/h80054936/Documents/intellibuddy/build/idea-sandbox/config/options
2019-11-24 08:25:42,137 [   1035]   INFO - jps.cmdline.JpsModelLoaderImpl - Model loaded in 219 ms
2019-11-24 08:25:42,138 [   1036]   INFO - jps.cmdline.JpsModelLoaderImpl - Project has 1 modules, 0 libraries
2019-11-24 08:25:42,219 [   1117]   INFO - ellij.util.io.PagedFileStorage - lower=100; upper=500; buffer=10; max=680
2019-11-24 08:25:42,378 [   1276]   INFO - etbrains.jps.cmdline.BuildMain - Pre-loaded process ready in 1278 ms
2019-11-24 08:26:31,440 [  50338]   INFO - etbrains.jps.cmdline.BuildMain - Build canceled, but no build session is running. Exiting.
2019-11-24 08:28:15,160 [      0]   INFO - etbrains.jps.cmdline.BuildMain - ==================================================
2019-11-24 08:28:15,161 [      1]   INFO - etbrains.jps.cmdline.BuildMain - Build process started. Classpath: C:/Users/h80054936/.gradle/caches/modules-2/files-2.1/com.jetbrains.intellij.idea/ideaIC/2019.2.4/a2eb13f21bdc018b64b31208823a57771b47273/ideaIC-2019.2.4/plugins/java/lib/jps-launcher.jar
2019-11-24 08:28:17,624 [   2464]   INFO - etbrains.jps.cmdline.BuildMain - Connection to IDE established in 2320 ms
2019-11-24 08:28:18,077 [   2917]   INFO - jps.cmdline.JpsModelLoaderImpl - Loading model: project path = C:/Users/h80054936/IdeaProjects/untitled2, global options path = C:/Users/h80054936/Documents/intellibuddy/build/idea-sandbox/config/options
2019-11-24 08:28:18,550 [   3390]   INFO - jps.cmdline.JpsModelLoaderImpl - Model loaded in 473 ms
2019-11-24 08:28:18,551 [   3391]   INFO - jps.cmdline.JpsModelLoaderImpl - Project has 1 modules, 0 libraries
2019-11-24 08:28:18,687 [   3527]   INFO - ellij.util.io.PagedFileStorage - lower=100; upper=500; buffer=10; max=680
2019-11-24 08:28:21,172 [      0]   INFO - etbrains.jps.cmdline.BuildMain - ==================================================
2019-11-24 08:28:21,173 [      1]   INFO - etbrains.jps.cmdline.BuildMain - Build process started. Classpath: C:/Users/h80054936/.gradle/caches/modules-2/files-2.1/com.jetbrains.intellij.idea/ideaIC/2019.2.4/a2eb13f21bdc018b64b31208823a57771b47273/ideaIC-2019.2.4/plugins/java/lib/jps-launcher.jar
2019-11-24 08:28:23,539 [   2367]   INFO - etbrains.jps.cmdline.BuildMain - Connection to IDE established in 1903 ms
2019-11-24 08:28:23,587 [   2415]   INFO - penapi.util.io.win32.IdeaWin32 - Native filesystem for Windows is operational
2019-11-24 08:28:23,662 [   2490]   INFO - jps.cmdline.JpsModelLoaderImpl - Loading model: project path = C:/Users/h80054936/IdeaProjects/untitled2, global options path = C:/Users/h80054936/Documents/intellibuddy/build/idea-sandbox/config/options
2019-11-24 08:28:24,032 [   2860]   INFO - jps.cmdline.JpsModelLoaderImpl - Model loaded in 370 ms
2019-11-24 08:28:24,032 [   2860]   INFO - jps.cmdline.JpsModelLoaderImpl - Project has 1 modules, 0 libraries
2019-11-24 08:28:24,124 [   2952]   INFO - ellij.util.io.PagedFileStorage - lower=100; upper=500; buffer=10; max=680
2019-11-24 08:28:24,321 [   3149]   INFO - etbrains.jps.cmdline.BuildMain - Pre-loaded process ready in 3219 ms
2019-11-24 08:34:42,484 [ 381312]   INFO - etbrains.jps.cmdline.BuildMain - Build canceled, but no build session is running. Exiting.
2019-11-24 08:47:08,535 [      0]   INFO - etbrains.jps.cmdline.BuildMain - ==================================================
2019-11-24 08:47:08,536 [      1]   INFO - etbrains.jps.cmdline.BuildMain - Build process started. Classpath: C:/Users/h80054936/.gradle/caches/modules-2/files-2.1/com.jetbrains.intellij.idea/ideaIC/2019.2.4/a2eb13f21bdc018b64b31208823a57771b47273/ideaIC-2019.2.4/plugins/java/lib/jps-launcher.jar
2019-11-24 08:47:09,740 [   1205]   INFO - etbrains.jps.cmdline.BuildMain - Connection to IDE established in 1105 ms
2019-11-24 08:47:10,173 [   1638]   INFO - jps.cmdline.JpsModelLoaderImpl - Loading model: project path = C:/Users/h80054936/IdeaProjects/untitled2, global options path = C:/Users/h80054936/Documents/intellibuddy/build/idea-sandbox/config/options
2019-11-24 08:47:10,935 [   2400]   INFO - jps.cmdline.JpsModelLoaderImpl - Model loaded in 762 ms
2019-11-24 08:47:10,935 [   2400]   INFO - jps.cmdline.JpsModelLoaderImpl - Project has 1 modules, 0 libraries
2019-11-24 08:47:11,234 [   2699]   INFO - ellij.util.io.PagedFileStorage - lower=100; upper=500; buffer=10; max=680
2019-11-24 08:47:14,766 [      0]   INFO - etbrains.jps.cmdline.BuildMain - ==================================================
2019-11-24 08:47:14,767 [      1]   INFO - etbrains.jps.cmdline.BuildMain - Build process started. Classpath: C:/Users/h80054936/.gradle/caches/modules-2/files-2.1/com.jetbrains.intellij.idea/ideaIC/2019.2.4/a2eb13f21bdc018b64b31208823a57771b47273/ideaIC-2019.2.4/plugins/java/lib/jps-launcher.jar
2019-11-24 08:47:15,822 [   1056]   INFO - etbrains.jps.cmdline.BuildMain - Connection to IDE established in 968 ms
2019-11-24 08:47:15,848 [   1082]   INFO - penapi.util.io.win32.IdeaWin32 - Native filesystem for Windows is operational
2019-11-24 08:47:15,962 [   1196]   INFO - jps.cmdline.JpsModelLoaderImpl - Loading model: project path = C:/Users/h80054936/IdeaProjects/untitled2, global options path = C:/Users/h80054936/Documents/intellibuddy/build/idea-sandbox/config/options
2019-11-24 08:47:16,505 [   1739]   INFO - jps.cmdline.JpsModelLoaderImpl - Model loaded in 543 ms
2019-11-24 08:47:16,505 [   1739]   INFO - jps.cmdline.JpsModelLoaderImpl - Project has 1 modules, 0 libraries
2019-11-24 08:47:16,768 [   2002]   INFO - ellij.util.io.PagedFileStorage - lower=100; upper=500; buffer=10; max=680
2019-11-24 08:47:17,189 [   2423]   INFO - etbrains.jps.cmdline.BuildMain - Pre-loaded process ready in 2426 ms
2019-11-24 08:54:14,825 [ 420059]   INFO - etbrains.jps.cmdline.BuildMain - Build canceled, but no build session is running. Exiting.
2019-11-24 08:58:55,506 [      0]   INFO - etbrains.jps.cmdline.BuildMain - ==================================================
2019-11-24 08:58:55,514 [      8]   INFO - etbrains.jps.cmdline.BuildMain - Build process started. Classpath: C:/Users/h80054936/.gradle/caches/modules-2/files-2.1/com.jetbrains.intellij.idea/ideaIC/2019.2.4/a2eb13f21bdc018b64b31208823a57771b47273/ideaIC-2019.2.4/plugins/java/lib/jps-launcher.jar
2019-11-24 08:58:57,334 [   1828]   INFO - etbrains.jps.cmdline.BuildMain - Connection to IDE established in 1671 ms
2019-11-24 08:58:58,070 [   2564]   INFO - jps.cmdline.JpsModelLoaderImpl - Loading model: project path = C:/Users/h80054936/IdeaProjects/untitled2, global options path = C:/Users/h80054936/Documents/intellibuddy/build/idea-sandbox/config/options
2019-11-24 08:58:58,684 [   3178]   INFO - jps.cmdline.JpsModelLoaderImpl - Model loaded in 614 ms
2019-11-24 08:58:58,684 [   3178]   INFO - jps.cmdline.JpsModelLoaderImpl - Project has 1 modules, 0 libraries
2019-11-24 08:58:58,915 [   3409]   INFO - ellij.util.io.PagedFileStorage - lower=100; upper=500; buffer=10; max=680
2019-11-24 08:59:01,167 [      0]   INFO - etbrains.jps.cmdline.BuildMain - ==================================================
2019-11-24 08:59:01,174 [      7]   INFO - etbrains.jps.cmdline.BuildMain - Build process started. Classpath: C:/Users/h80054936/.gradle/caches/modules-2/files-2.1/com.jetbrains.intellij.idea/ideaIC/2019.2.4/a2eb13f21bdc018b64b31208823a57771b47273/ideaIC-2019.2.4/plugins/java/lib/jps-launcher.jar
2019-11-24 08:59:03,543 [   2376]   INFO - etbrains.jps.cmdline.BuildMain - Connection to IDE established in 2060 ms
2019-11-24 08:59:03,567 [   2400]   INFO - penapi.util.io.win32.IdeaWin32 - Native filesystem for Windows is operational
2019-11-24 08:59:03,689 [   2522]   INFO - jps.cmdline.JpsModelLoaderImpl - Loading model: project path = C:/Users/h80054936/IdeaProjects/untitled2, global options path = C:/Users/h80054936/Documents/intellibuddy/build/idea-sandbox/config/options
2019-11-24 08:59:04,349 [   3182]   INFO - jps.cmdline.JpsModelLoaderImpl - Model loaded in 660 ms
2019-11-24 08:59:04,350 [   3183]   INFO - jps.cmdline.JpsModelLoaderImpl - Project has 1 modules, 0 libraries
2019-11-24 08:59:04,570 [   3403]   INFO - ellij.util.io.PagedFileStorage - lower=100; upper=500; buffer=10; max=680
2019-11-24 08:59:04,758 [   3591]   INFO - etbrains.jps.cmdline.BuildMain - Pre-loaded process ready in 3596 ms
2019-11-24 08:59:50,749 [  49582]   INFO - etbrains.jps.cmdline.BuildMain - Build canceled, but no build session is running. Exiting.
2019-11-24 09:00:26,489 [      0]   INFO - etbrains.jps.cmdline.BuildMain - ==================================================
2019-11-24 09:00:26,491 [      2]   INFO - etbrains.jps.cmdline.BuildMain - Build process started. Classpath: C:/Users/h80054936/.gradle/caches/modules-2/files-2.1/com.jetbrains.intellij.idea/ideaIC/2019.2.4/a2eb13f21bdc018b64b31208823a57771b47273/ideaIC-2019.2.4/plugins/java/lib/jps-launcher.jar
2019-11-24 09:00:28,293 [   1804]   INFO - etbrains.jps.cmdline.BuildMain - Connection to IDE established in 1649 ms
2019-11-24 09:00:28,743 [   2254]   INFO - jps.cmdline.JpsModelLoaderImpl - Loading model: project path = C:/Users/h80054936/IdeaProjects/untitled2, global options path = C:/Users/h80054936/Documents/intellibuddy/build/idea-sandbox/config/options
2019-11-24 09:00:29,367 [   2878]   INFO - jps.cmdline.JpsModelLoaderImpl - Model loaded in 624 ms
2019-11-24 09:00:29,367 [   2878]   INFO - jps.cmdline.JpsModelLoaderImpl - Project has 1 modules, 0 libraries
2019-11-24 09:00:29,575 [   3086]   INFO - ellij.util.io.PagedFileStorage - lower=100; upper=500; buffer=10; max=680
2019-11-24 09:00:34,309 [      0]   INFO - etbrains.jps.cmdline.BuildMain - ==================================================
2019-11-24 09:00:34,310 [      1]   INFO - etbrains.jps.cmdline.BuildMain - Build process started. Classpath: C:/Users/h80054936/.gradle/caches/modules-2/files-2.1/com.jetbrains.intellij.idea/ideaIC/2019.2.4/a2eb13f21bdc018b64b31208823a57771b47273/ideaIC-2019.2.4/plugins/java/lib/jps-launcher.jar
2019-11-24 09:00:37,989 [   3680]   INFO - etbrains.jps.cmdline.BuildMain - Connection to IDE established in 3194 ms
2019-11-24 09:00:38,015 [   3706]   INFO - penapi.util.io.win32.IdeaWin32 - Native filesystem for Windows is operational
2019-11-24 09:00:38,081 [   3772]   INFO - jps.cmdline.JpsModelLoaderImpl - Loading model: project path = C:/Users/h80054936/IdeaProjects/untitled2, global options path = C:/Users/h80054936/Documents/intellibuddy/build/idea-sandbox/config/options
2019-11-24 09:00:38,629 [   4320]   INFO - jps.cmdline.JpsModelLoaderImpl - Model loaded in 548 ms
2019-11-24 09:00:38,629 [   4320]   INFO - jps.cmdline.JpsModelLoaderImpl - Project has 1 modules, 0 libraries
2019-11-24 09:00:38,731 [   4422]   INFO - ellij.util.io.PagedFileStorage - lower=100; upper=500; buffer=10; max=680
2019-11-24 09:00:38,914 [   4605]   INFO - etbrains.jps.cmdline.BuildMain - Pre-loaded process ready in 4642 ms
2019-11-24 09:26:07,976 [1533667]   INFO - etbrains.jps.cmdline.BuildMain - Build canceled, but no build session is running. Exiting.
2019-11-27 10:58:37,802 [      0]   INFO - etbrains.jps.cmdline.BuildMain - ==================================================
2019-11-27 10:58:37,804 [      2]   INFO - etbrains.jps.cmdline.BuildMain - Build process started. Classpath: C:/Users/h80054936/.gradle/caches/modules-2/files-2.1/com.jetbrains.intellij.idea/ideaIC/2019.2.4/a2eb13f21bdc018b64b31208823a57771b47273/ideaIC-2019.2.4/plugins/java/lib/jps-launcher.jar
2019-11-27 10:58:41,081 [   3279]   INFO - etbrains.jps.cmdline.BuildMain - Connection to IDE established in 3118 ms
2019-11-27 10:58:42,396 [   4594]   INFO - jps.cmdline.JpsModelLoaderImpl - Loading model: project path = C:/Users/h80054936/IdeaProjects/untitled2, global options path = D:/hackaTUM/chill-me-out/intellibuddy/build/idea-sandbox/config/options
2019-11-27 10:58:43,257 [   5455]   INFO - jps.cmdline.JpsModelLoaderImpl - Model loaded in 861 ms
2019-11-27 10:58:43,258 [   5456]   INFO - jps.cmdline.JpsModelLoaderImpl - Project has 1 modules, 0 libraries
2019-11-27 10:58:43,747 [   5945]   INFO - ellij.util.io.PagedFileStorage - lower=100; upper=500; buffer=10; max=680
2019-11-27 10:58:51,837 [      0]   INFO - etbrains.jps.cmdline.BuildMain - ==================================================
2019-11-27 10:58:51,845 [      8]   INFO - etbrains.jps.cmdline.BuildMain - Build process started. Classpath: C:/Users/h80054936/.gradle/caches/modules-2/files-2.1/com.jetbrains.intellij.idea/ideaIC/2019.2.4/a2eb13f21bdc018b64b31208823a57771b47273/ideaIC-2019.2.4/plugins/java/lib/jps-launcher.jar
2019-11-27 10:58:56,943 [   5106]   INFO - etbrains.jps.cmdline.BuildMain - Connection to IDE established in 4710 ms
2019-11-27 10:58:56,986 [   5149]   INFO - penapi.util.io.win32.IdeaWin32 - Native filesystem for Windows is operational
2019-11-27 10:58:57,827 [   5990]   INFO - jps.cmdline.JpsModelLoaderImpl - Loading model: project path = C:/Users/h80054936/IdeaProjects/untitled2, global options path = D:/hackaTUM/chill-me-out/intellibuddy/build/idea-sandbox/config/options
2019-11-27 10:58:59,649 [   7812]   INFO - jps.cmdline.JpsModelLoaderImpl - Model loaded in 1822 ms
2019-11-27 10:58:59,649 [   7812]   INFO - jps.cmdline.JpsModelLoaderImpl - Project has 1 modules, 0 libraries
2019-11-27 10:59:01,492 [   9655]   INFO - ellij.util.io.PagedFileStorage - lower=100; upper=500; buffer=10; max=680
2019-11-27 10:59:02,441 [  10604]   INFO - etbrains.jps.cmdline.BuildMain - Pre-loaded process ready in 10652 ms
2019-11-27 11:00:08,108 [  76271]   INFO - etbrains.jps.cmdline.BuildMain - Build canceled, but no build session is running. Exiting.
